{"total": {"lines":{"total":4422,"covered":2471,"skipped":0,"pct":55.88},"statements":{"total":4503,"covered":2523,"skipped":0,"pct":56.03},"functions":{"total":1318,"covered":656,"skipped":0,"pct":49.77},"branches":{"total":1870,"covered":898,"skipped":0,"pct":48.02}}
,"/Users/James.Mckenzie/repos/checkout-prism-merchant-ui/src/App.tsx": {"lines":{"total":2,"covered":0,"skipped":0,"pct":0},"functions":{"total":1,"covered":0,"skipped":0,"pct":0},"statements":{"total":2,"covered":0,"skipped":0,"pct":0},"branches":{"total":0,"covered":0,"skipped":0,"pct":100}}
,"/Users/James.Mckenzie/repos/checkout-prism-merchant-ui/src/index.tsx": {"lines":{"total":9,"covered":0,"skipped":0,"pct":0},"functions":{"total":2,"covered":0,"skipped":0,"pct":0},"statements":{"total":9,"covered":0,"skipped":0,"pct":0},"branches":{"total":2,"covered":0,"skipped":0,"pct":0}}
,"/Users/James.Mckenzie/repos/checkout-prism-merchant-ui/src/react-app-env.d.ts": {"lines":{"total":0,"covered":0,"skipped":0,"pct":100},"functions":{"total":0,"covered":0,"skipped":0,"pct":100},"statements":{"total":0,"covered":0,"skipped":0,"pct":100},"branches":{"total":0,"covered":0,"skipped":0,"pct":100}}
,"/Users/James.Mckenzie/repos/checkout-prism-merchant-ui/src/serviceWorker.ts": {"lines":{"total":38,"covered":0,"skipped":0,"pct":0},"functions":{"total":15,"covered":0,"skipped":0,"pct":0},"statements":{"total":38,"covered":0,"skipped":0,"pct":0},"branches":{"total":32,"covered":0,"skipped":0,"pct":0}}
,"/Users/James.Mckenzie/repos/checkout-prism-merchant-ui/src/api/index.ts": {"lines":{"total":0,"covered":0,"skipped":0,"pct":100},"functions":{"total":0,"covered":0,"skipped":0,"pct":100},"statements":{"total":0,"covered":0,"skipped":0,"pct":100},"branches":{"total":0,"covered":0,"skipped":0,"pct":100}}
,"/Users/James.Mckenzie/repos/checkout-prism-merchant-ui/src/api/utils/index.ts": {"lines":{"total":17,"covered":13,"skipped":0,"pct":76.47},"functions":{"total":7,"covered":3,"skipped":0,"pct":42.86},"statements":{"total":19,"covered":13,"skipped":0,"pct":68.42},"branches":{"total":3,"covered":1,"skipped":0,"pct":33.33}}
,"/Users/James.Mckenzie/repos/checkout-prism-merchant-ui/src/components/Alert/Alert.tsx": {"lines":{"total":17,"covered":17,"skipped":0,"pct":100},"functions":{"total":5,"covered":5,"skipped":0,"pct":100},"statements":{"total":18,"covered":18,"skipped":0,"pct":100},"branches":{"total":8,"covered":8,"skipped":0,"pct":100}}
,"/Users/James.Mckenzie/repos/checkout-prism-merchant-ui/src/components/Alert/index.ts": {"lines":{"total":0,"covered":0,"skipped":0,"pct":100},"functions":{"total":0,"covered":0,"skipped":0,"pct":100},"statements":{"total":0,"covered":0,"skipped":0,"pct":100},"branches":{"total":0,"covered":0,"skipped":0,"pct":100}}
,"/Users/James.Mckenzie/repos/checkout-prism-merchant-ui/src/components/AutoComplete/AutoComplete.tsx": {"lines":{"total":5,"covered":1,"skipped":0,"pct":20},"functions":{"total":3,"covered":0,"skipped":0,"pct":0},"statements":{"total":5,"covered":1,"skipped":0,"pct":20},"branches":{"total":0,"covered":0,"skipped":0,"pct":100}}
,"/Users/James.Mckenzie/repos/checkout-prism-merchant-ui/src/components/AutoComplete/AutoCompleteList.tsx": {"lines":{"total":6,"covered":2,"skipped":0,"pct":33.33},"functions":{"total":3,"covered":0,"skipped":0,"pct":0},"statements":{"total":6,"covered":2,"skipped":0,"pct":33.33},"branches":{"total":0,"covered":0,"skipped":0,"pct":100}}
,"/Users/James.Mckenzie/repos/checkout-prism-merchant-ui/src/components/AutoComplete/AutoCompleteMenuItem.tsx": {"lines":{"total":21,"covered":7,"skipped":0,"pct":33.33},"functions":{"total":6,"covered":0,"skipped":0,"pct":0},"statements":{"total":21,"covered":7,"skipped":0,"pct":33.33},"branches":{"total":12,"covered":0,"skipped":0,"pct":0}}
,"/Users/James.Mckenzie/repos/checkout-prism-merchant-ui/src/components/AutoComplete/index.tsx": {"lines":{"total":0,"covered":0,"skipped":0,"pct":100},"functions":{"total":0,"covered":0,"skipped":0,"pct":100},"statements":{"total":0,"covered":0,"skipped":0,"pct":100},"branches":{"total":0,"covered":0,"skipped":0,"pct":100}}
,"/Users/James.Mckenzie/repos/checkout-prism-merchant-ui/src/components/ButtonGroup/ButtonGroup.tsx": {"lines":{"total":1,"covered":1,"skipped":0,"pct":100},"functions":{"total":0,"covered":0,"skipped":0,"pct":100},"statements":{"total":1,"covered":1,"skipped":0,"pct":100},"branches":{"total":0,"covered":0,"skipped":0,"pct":100}}
,"/Users/James.Mckenzie/repos/checkout-prism-merchant-ui/src/components/ButtonGroup/index.ts": {"lines":{"total":0,"covered":0,"skipped":0,"pct":100},"functions":{"total":0,"covered":0,"skipped":0,"pct":100},"statements":{"total":0,"covered":0,"skipped":0,"pct":100},"branches":{"total":0,"covered":0,"skipped":0,"pct":100}}
,"/Users/James.Mckenzie/repos/checkout-prism-merchant-ui/src/components/ClickableElement/ClickableElement.tsx": {"lines":{"total":1,"covered":1,"skipped":0,"pct":100},"functions":{"total":0,"covered":0,"skipped":0,"pct":100},"statements":{"total":1,"covered":1,"skipped":0,"pct":100},"branches":{"total":0,"covered":0,"skipped":0,"pct":100}}
,"/Users/James.Mckenzie/repos/checkout-prism-merchant-ui/src/components/ClickableElement/index.ts": {"lines":{"total":0,"covered":0,"skipped":0,"pct":100},"functions":{"total":0,"covered":0,"skipped":0,"pct":100},"statements":{"total":0,"covered":0,"skipped":0,"pct":100},"branches":{"total":0,"covered":0,"skipped":0,"pct":100}}
,"/Users/James.Mckenzie/repos/checkout-prism-merchant-ui/src/components/CopyToClipboard/CopyToClipboard.tsx": {"lines":{"total":21,"covered":0,"skipped":0,"pct":0},"functions":{"total":7,"covered":0,"skipped":0,"pct":0},"statements":{"total":21,"covered":0,"skipped":0,"pct":0},"branches":{"total":9,"covered":0,"skipped":0,"pct":0}}
,"/Users/James.Mckenzie/repos/checkout-prism-merchant-ui/src/components/CopyToClipboard/index.ts": {"lines":{"total":0,"covered":0,"skipped":0,"pct":100},"functions":{"total":0,"covered":0,"skipped":0,"pct":100},"statements":{"total":0,"covered":0,"skipped":0,"pct":100},"branches":{"total":0,"covered":0,"skipped":0,"pct":100}}
,"/Users/James.Mckenzie/repos/checkout-prism-merchant-ui/src/components/DataTable/DataTable.tsx": {"lines":{"total":16,"covered":14,"skipped":0,"pct":87.5},"functions":{"total":8,"covered":6,"skipped":0,"pct":75},"statements":{"total":16,"covered":14,"skipped":0,"pct":87.5},"branches":{"total":18,"covered":15,"skipped":0,"pct":83.33}}
,"/Users/James.Mckenzie/repos/checkout-prism-merchant-ui/src/components/DataTable/index.ts": {"lines":{"total":0,"covered":0,"skipped":0,"pct":100},"functions":{"total":0,"covered":0,"skipped":0,"pct":100},"statements":{"total":0,"covered":0,"skipped":0,"pct":100},"branches":{"total":0,"covered":0,"skipped":0,"pct":100}}
,"/Users/James.Mckenzie/repos/checkout-prism-merchant-ui/src/components/DecisionRanges/DecisionRangeContainer/DecisionRangeContainer.tsx": {"lines":{"total":15,"covered":15,"skipped":0,"pct":100},"functions":{"total":5,"covered":5,"skipped":0,"pct":100},"statements":{"total":15,"covered":15,"skipped":0,"pct":100},"branches":{"total":6,"covered":6,"skipped":0,"pct":100}}
,"/Users/James.Mckenzie/repos/checkout-prism-merchant-ui/src/components/DecisionRanges/DecisionRangeContainer/index.tsx": {"lines":{"total":0,"covered":0,"skipped":0,"pct":100},"functions":{"total":0,"covered":0,"skipped":0,"pct":100},"statements":{"total":0,"covered":0,"skipped":0,"pct":100},"branches":{"total":0,"covered":0,"skipped":0,"pct":100}}
,"/Users/James.Mckenzie/repos/checkout-prism-merchant-ui/src/components/DecisionRanges/DecisionRow/DecisionRow.tsx": {"lines":{"total":8,"covered":6,"skipped":0,"pct":75},"functions":{"total":3,"covered":1,"skipped":0,"pct":33.33},"statements":{"total":8,"covered":6,"skipped":0,"pct":75},"branches":{"total":11,"covered":9,"skipped":0,"pct":81.82}}
,"/Users/James.Mckenzie/repos/checkout-prism-merchant-ui/src/components/DecisionRanges/DecisionRow/index.tsx": {"lines":{"total":0,"covered":0,"skipped":0,"pct":100},"functions":{"total":0,"covered":0,"skipped":0,"pct":100},"statements":{"total":0,"covered":0,"skipped":0,"pct":100},"branches":{"total":0,"covered":0,"skipped":0,"pct":100}}
,"/Users/James.Mckenzie/repos/checkout-prism-merchant-ui/src/components/DecisionRanges/DecisionSlider/DecisionSlider.tsx": {"lines":{"total":12,"covered":12,"skipped":0,"pct":100},"functions":{"total":5,"covered":5,"skipped":0,"pct":100},"statements":{"total":13,"covered":12,"skipped":0,"pct":92.31},"branches":{"total":9,"covered":8,"skipped":0,"pct":88.89}}
,"/Users/James.Mckenzie/repos/checkout-prism-merchant-ui/src/components/DecisionRanges/DecisionSlider/index.ts": {"lines":{"total":0,"covered":0,"skipped":0,"pct":100},"functions":{"total":0,"covered":0,"skipped":0,"pct":100},"statements":{"total":0,"covered":0,"skipped":0,"pct":100},"branches":{"total":0,"covered":0,"skipped":0,"pct":100}}
,"/Users/James.Mckenzie/repos/checkout-prism-merchant-ui/src/components/DeleteButton/DeleteButton.tsx": {"lines":{"total":5,"covered":5,"skipped":0,"pct":100},"functions":{"total":2,"covered":2,"skipped":0,"pct":100},"statements":{"total":5,"covered":5,"skipped":0,"pct":100},"branches":{"total":2,"covered":2,"skipped":0,"pct":100}}
,"/Users/James.Mckenzie/repos/checkout-prism-merchant-ui/src/components/DeleteButton/index.ts": {"lines":{"total":0,"covered":0,"skipped":0,"pct":100},"functions":{"total":0,"covered":0,"skipped":0,"pct":100},"statements":{"total":0,"covered":0,"skipped":0,"pct":100},"branches":{"total":0,"covered":0,"skipped":0,"pct":100}}
,"/Users/James.Mckenzie/repos/checkout-prism-merchant-ui/src/components/DeleteConfirmationModal/DeleteConfirmationModal.tsx": {"lines":{"total":2,"covered":2,"skipped":0,"pct":100},"functions":{"total":1,"covered":1,"skipped":0,"pct":100},"statements":{"total":2,"covered":2,"skipped":0,"pct":100},"branches":{"total":4,"covered":4,"skipped":0,"pct":100}}
,"/Users/James.Mckenzie/repos/checkout-prism-merchant-ui/src/components/DeleteConfirmationModal/index.tsx": {"lines":{"total":0,"covered":0,"skipped":0,"pct":100},"functions":{"total":0,"covered":0,"skipped":0,"pct":100},"statements":{"total":0,"covered":0,"skipped":0,"pct":100},"branches":{"total":0,"covered":0,"skipped":0,"pct":100}}
,"/Users/James.Mckenzie/repos/checkout-prism-merchant-ui/src/components/DownloadCsvFile/DownloadCsvFile.tsx": {"lines":{"total":14,"covered":14,"skipped":0,"pct":100},"functions":{"total":6,"covered":6,"skipped":0,"pct":100},"statements":{"total":14,"covered":14,"skipped":0,"pct":100},"branches":{"total":8,"covered":8,"skipped":0,"pct":100}}
,"/Users/James.Mckenzie/repos/checkout-prism-merchant-ui/src/components/DownloadCsvFile/index.ts": {"lines":{"total":0,"covered":0,"skipped":0,"pct":100},"functions":{"total":0,"covered":0,"skipped":0,"pct":100},"statements":{"total":0,"covered":0,"skipped":0,"pct":100},"branches":{"total":0,"covered":0,"skipped":0,"pct":100}}
,"/Users/James.Mckenzie/repos/checkout-prism-merchant-ui/src/components/Ellipsis/Ellipsis.tsx": {"lines":{"total":1,"covered":1,"skipped":0,"pct":100},"functions":{"total":0,"covered":0,"skipped":0,"pct":100},"statements":{"total":1,"covered":1,"skipped":0,"pct":100},"branches":{"total":0,"covered":0,"skipped":0,"pct":100}}
,"/Users/James.Mckenzie/repos/checkout-prism-merchant-ui/src/components/Ellipsis/index.ts": {"lines":{"total":0,"covered":0,"skipped":0,"pct":100},"functions":{"total":0,"covered":0,"skipped":0,"pct":100},"statements":{"total":0,"covered":0,"skipped":0,"pct":100},"branches":{"total":0,"covered":0,"skipped":0,"pct":100}}
,"/Users/James.Mckenzie/repos/checkout-prism-merchant-ui/src/components/ErrorBoundary/ErrorBoundary.tsx": {"lines":{"total":9,"covered":0,"skipped":0,"pct":0},"functions":{"total":3,"covered":0,"skipped":0,"pct":0},"statements":{"total":9,"covered":0,"skipped":0,"pct":0},"branches":{"total":8,"covered":0,"skipped":0,"pct":0}}
,"/Users/James.Mckenzie/repos/checkout-prism-merchant-ui/src/components/ErrorBoundary/LoggingErrorBoundary.tsx": {"lines":{"total":7,"covered":0,"skipped":0,"pct":0},"functions":{"total":4,"covered":0,"skipped":0,"pct":0},"statements":{"total":7,"covered":0,"skipped":0,"pct":0},"branches":{"total":4,"covered":0,"skipped":0,"pct":0}}
,"/Users/James.Mckenzie/repos/checkout-prism-merchant-ui/src/components/ErrorBoundary/index.ts": {"lines":{"total":0,"covered":0,"skipped":0,"pct":100},"functions":{"total":0,"covered":0,"skipped":0,"pct":100},"statements":{"total":0,"covered":0,"skipped":0,"pct":100},"branches":{"total":0,"covered":0,"skipped":0,"pct":100}}
,"/Users/James.Mckenzie/repos/checkout-prism-merchant-ui/src/components/ErrorScreen/ErrorScreen.tsx": {"lines":{"total":4,"covered":3,"skipped":0,"pct":75},"functions":{"total":2,"covered":1,"skipped":0,"pct":50},"statements":{"total":4,"covered":3,"skipped":0,"pct":75},"branches":{"total":0,"covered":0,"skipped":0,"pct":100}}
,"/Users/James.Mckenzie/repos/checkout-prism-merchant-ui/src/components/ErrorScreen/index.ts": {"lines":{"total":0,"covered":0,"skipped":0,"pct":100},"functions":{"total":0,"covered":0,"skipped":0,"pct":100},"statements":{"total":0,"covered":0,"skipped":0,"pct":100},"branches":{"total":0,"covered":0,"skipped":0,"pct":100}}
,"/Users/James.Mckenzie/repos/checkout-prism-merchant-ui/src/components/ExportButton/ExportButton.tsx": {"lines":{"total":8,"covered":8,"skipped":0,"pct":100},"functions":{"total":2,"covered":2,"skipped":0,"pct":100},"statements":{"total":8,"covered":8,"skipped":0,"pct":100},"branches":{"total":2,"covered":2,"skipped":0,"pct":100}}
,"/Users/James.Mckenzie/repos/checkout-prism-merchant-ui/src/components/ExportButton/index.ts": {"lines":{"total":0,"covered":0,"skipped":0,"pct":100},"functions":{"total":0,"covered":0,"skipped":0,"pct":100},"statements":{"total":0,"covered":0,"skipped":0,"pct":100},"branches":{"total":0,"covered":0,"skipped":0,"pct":100}}
,"/Users/James.Mckenzie/repos/checkout-prism-merchant-ui/src/components/FeatureFlag/FeatureFlag.tsx": {"lines":{"total":4,"covered":4,"skipped":0,"pct":100},"functions":{"total":1,"covered":1,"skipped":0,"pct":100},"statements":{"total":4,"covered":4,"skipped":0,"pct":100},"branches":{"total":2,"covered":2,"skipped":0,"pct":100}}
,"/Users/James.Mckenzie/repos/checkout-prism-merchant-ui/src/components/FeatureFlag/index.ts": {"lines":{"total":0,"covered":0,"skipped":0,"pct":100},"functions":{"total":0,"covered":0,"skipped":0,"pct":100},"statements":{"total":0,"covered":0,"skipped":0,"pct":100},"branches":{"total":0,"covered":0,"skipped":0,"pct":100}}
,"/Users/James.Mckenzie/repos/checkout-prism-merchant-ui/src/components/FieldValidationError/FieldValidationError.tsx": {"lines":{"total":2,"covered":2,"skipped":0,"pct":100},"functions":{"total":0,"covered":0,"skipped":0,"pct":100},"statements":{"total":2,"covered":2,"skipped":0,"pct":100},"branches":{"total":0,"covered":0,"skipped":0,"pct":100}}
,"/Users/James.Mckenzie/repos/checkout-prism-merchant-ui/src/components/FieldValidationError/index.ts": {"lines":{"total":0,"covered":0,"skipped":0,"pct":100},"functions":{"total":0,"covered":0,"skipped":0,"pct":100},"statements":{"total":0,"covered":0,"skipped":0,"pct":100},"branches":{"total":0,"covered":0,"skipped":0,"pct":100}}
,"/Users/James.Mckenzie/repos/checkout-prism-merchant-ui/src/components/Flex/Flex.tsx": {"lines":{"total":1,"covered":1,"skipped":0,"pct":100},"functions":{"total":0,"covered":0,"skipped":0,"pct":100},"statements":{"total":1,"covered":1,"skipped":0,"pct":100},"branches":{"total":0,"covered":0,"skipped":0,"pct":100}}
,"/Users/James.Mckenzie/repos/checkout-prism-merchant-ui/src/components/Flex/index.ts": {"lines":{"total":0,"covered":0,"skipped":0,"pct":100},"functions":{"total":0,"covered":0,"skipped":0,"pct":100},"statements":{"total":0,"covered":0,"skipped":0,"pct":100},"branches":{"total":0,"covered":0,"skipped":0,"pct":100}}
,"/Users/James.Mckenzie/repos/checkout-prism-merchant-ui/src/components/FormikGroupSelectMenu/FormikGroupSelectMenu.tsx": {"lines":{"total":10,"covered":9,"skipped":0,"pct":90},"functions":{"total":3,"covered":2,"skipped":0,"pct":66.67},"statements":{"total":10,"covered":9,"skipped":0,"pct":90},"branches":{"total":7,"covered":5,"skipped":0,"pct":71.43}}
,"/Users/James.Mckenzie/repos/checkout-prism-merchant-ui/src/components/FormikGroupSelectMenu/index.ts": {"lines":{"total":0,"covered":0,"skipped":0,"pct":100},"functions":{"total":0,"covered":0,"skipped":0,"pct":100},"statements":{"total":0,"covered":0,"skipped":0,"pct":100},"branches":{"total":0,"covered":0,"skipped":0,"pct":100}}
,"/Users/James.Mckenzie/repos/checkout-prism-merchant-ui/src/components/FormikSegmentedControl/FormikSegmentedControl.tsx": {"lines":{"total":8,"covered":8,"skipped":0,"pct":100},"functions":{"total":2,"covered":2,"skipped":0,"pct":100},"statements":{"total":8,"covered":8,"skipped":0,"pct":100},"branches":{"total":6,"covered":5,"skipped":0,"pct":83.33}}
,"/Users/James.Mckenzie/repos/checkout-prism-merchant-ui/src/components/FormikSegmentedControl/index.ts": {"lines":{"total":0,"covered":0,"skipped":0,"pct":100},"functions":{"total":0,"covered":0,"skipped":0,"pct":100},"statements":{"total":0,"covered":0,"skipped":0,"pct":100},"branches":{"total":0,"covered":0,"skipped":0,"pct":100}}
,"/Users/James.Mckenzie/repos/checkout-prism-merchant-ui/src/components/FormikSegmentedControl/index.tsx": {"lines":{"total":0,"covered":0,"skipped":0,"pct":100},"functions":{"total":0,"covered":0,"skipped":0,"pct":100},"statements":{"total":0,"covered":0,"skipped":0,"pct":100},"branches":{"total":0,"covered":0,"skipped":0,"pct":100}}
,"/Users/James.Mckenzie/repos/checkout-prism-merchant-ui/src/components/FormikSelectMenu/FormikSelectMenu.tsx": {"lines":{"total":14,"covered":14,"skipped":0,"pct":100},"functions":{"total":7,"covered":7,"skipped":0,"pct":100},"statements":{"total":15,"covered":15,"skipped":0,"pct":100},"branches":{"total":14,"covered":13,"skipped":0,"pct":92.86}}
,"/Users/James.Mckenzie/repos/checkout-prism-merchant-ui/src/components/FormikSelectMenu/index.ts": {"lines":{"total":0,"covered":0,"skipped":0,"pct":100},"functions":{"total":0,"covered":0,"skipped":0,"pct":100},"statements":{"total":0,"covered":0,"skipped":0,"pct":100},"branches":{"total":0,"covered":0,"skipped":0,"pct":100}}
,"/Users/James.Mckenzie/repos/checkout-prism-merchant-ui/src/components/Grid/index.ts": {"lines":{"total":0,"covered":0,"skipped":0,"pct":100},"functions":{"total":0,"covered":0,"skipped":0,"pct":100},"statements":{"total":0,"covered":0,"skipped":0,"pct":100},"branches":{"total":0,"covered":0,"skipped":0,"pct":100}}
,"/Users/James.Mckenzie/repos/checkout-prism-merchant-ui/src/components/GroupSelect/GroupItem.tsx": {"lines":{"total":4,"covered":4,"skipped":0,"pct":100},"functions":{"total":2,"covered":2,"skipped":0,"pct":100},"statements":{"total":4,"covered":4,"skipped":0,"pct":100},"branches":{"total":2,"covered":2,"skipped":0,"pct":100}}
,"/Users/James.Mckenzie/repos/checkout-prism-merchant-ui/src/components/GroupSelect/GroupItemPlaceholder.tsx": {"lines":{"total":2,"covered":2,"skipped":0,"pct":100},"functions":{"total":1,"covered":1,"skipped":0,"pct":100},"statements":{"total":2,"covered":2,"skipped":0,"pct":100},"branches":{"total":0,"covered":0,"skipped":0,"pct":100}}
,"/Users/James.Mckenzie/repos/checkout-prism-merchant-ui/src/components/GroupSelect/GroupSelect.tsx": {"lines":{"total":21,"covered":21,"skipped":0,"pct":100},"functions":{"total":12,"covered":12,"skipped":0,"pct":100},"statements":{"total":22,"covered":22,"skipped":0,"pct":100},"branches":{"total":5,"covered":5,"skipped":0,"pct":100}}
,"/Users/James.Mckenzie/repos/checkout-prism-merchant-ui/src/components/GroupSelect/index.ts": {"lines":{"total":0,"covered":0,"skipped":0,"pct":100},"functions":{"total":0,"covered":0,"skipped":0,"pct":100},"statements":{"total":0,"covered":0,"skipped":0,"pct":100},"branches":{"total":0,"covered":0,"skipped":0,"pct":100}}
,"/Users/James.Mckenzie/repos/checkout-prism-merchant-ui/src/components/Highlighted/Highlighted.tsx": {"lines":{"total":41,"covered":39,"skipped":0,"pct":95.12},"functions":{"total":14,"covered":14,"skipped":0,"pct":100},"statements":{"total":50,"covered":48,"skipped":0,"pct":96},"branches":{"total":21,"covered":14,"skipped":0,"pct":66.67}}
,"/Users/James.Mckenzie/repos/checkout-prism-merchant-ui/src/components/Highlighted/index.tsx": {"lines":{"total":0,"covered":0,"skipped":0,"pct":100},"functions":{"total":0,"covered":0,"skipped":0,"pct":100},"statements":{"total":0,"covered":0,"skipped":0,"pct":100},"branches":{"total":0,"covered":0,"skipped":0,"pct":100}}
,"/Users/James.Mckenzie/repos/checkout-prism-merchant-ui/src/components/Images/FAQFigure1.tsx": {"lines":{"total":2,"covered":0,"skipped":0,"pct":0},"functions":{"total":1,"covered":0,"skipped":0,"pct":0},"statements":{"total":2,"covered":0,"skipped":0,"pct":0},"branches":{"total":0,"covered":0,"skipped":0,"pct":100}}
,"/Users/James.Mckenzie/repos/checkout-prism-merchant-ui/src/components/Images/FAQFigure2.tsx": {"lines":{"total":2,"covered":0,"skipped":0,"pct":0},"functions":{"total":1,"covered":0,"skipped":0,"pct":0},"statements":{"total":2,"covered":0,"skipped":0,"pct":0},"branches":{"total":0,"covered":0,"skipped":0,"pct":100}}
,"/Users/James.Mckenzie/repos/checkout-prism-merchant-ui/src/components/IndexChildren/IndexChildren.tsx": {"lines":{"total":6,"covered":5,"skipped":0,"pct":83.33},"functions":{"total":2,"covered":2,"skipped":0,"pct":100},"statements":{"total":6,"covered":5,"skipped":0,"pct":83.33},"branches":{"total":2,"covered":1,"skipped":0,"pct":50}}
,"/Users/James.Mckenzie/repos/checkout-prism-merchant-ui/src/components/IndexChildren/index.tsx": {"lines":{"total":0,"covered":0,"skipped":0,"pct":100},"functions":{"total":0,"covered":0,"skipped":0,"pct":100},"statements":{"total":0,"covered":0,"skipped":0,"pct":100},"branches":{"total":0,"covered":0,"skipped":0,"pct":100}}
,"/Users/James.Mckenzie/repos/checkout-prism-merchant-ui/src/components/InfoModal/InfoModal.tsx": {"lines":{"total":5,"covered":4,"skipped":0,"pct":80},"functions":{"total":1,"covered":1,"skipped":0,"pct":100},"statements":{"total":5,"covered":4,"skipped":0,"pct":80},"branches":{"total":2,"covered":1,"skipped":0,"pct":50}}
,"/Users/James.Mckenzie/repos/checkout-prism-merchant-ui/src/components/InfoModal/OpenInfoModalButton.tsx": {"lines":{"total":4,"covered":3,"skipped":0,"pct":75},"functions":{"total":2,"covered":1,"skipped":0,"pct":50},"statements":{"total":4,"covered":3,"skipped":0,"pct":75},"branches":{"total":1,"covered":1,"skipped":0,"pct":100}}
,"/Users/James.Mckenzie/repos/checkout-prism-merchant-ui/src/components/InfoModal/index.ts": {"lines":{"total":0,"covered":0,"skipped":0,"pct":100},"functions":{"total":0,"covered":0,"skipped":0,"pct":100},"statements":{"total":0,"covered":0,"skipped":0,"pct":100},"branches":{"total":0,"covered":0,"skipped":0,"pct":100}}
,"/Users/James.Mckenzie/repos/checkout-prism-merchant-ui/src/components/InfoTooltip/InfoTooltip.tsx": {"lines":{"total":2,"covered":2,"skipped":0,"pct":100},"functions":{"total":1,"covered":1,"skipped":0,"pct":100},"statements":{"total":2,"covered":2,"skipped":0,"pct":100},"branches":{"total":1,"covered":1,"skipped":0,"pct":100}}
,"/Users/James.Mckenzie/repos/checkout-prism-merchant-ui/src/components/InfoTooltip/index.ts": {"lines":{"total":0,"covered":0,"skipped":0,"pct":100},"functions":{"total":0,"covered":0,"skipped":0,"pct":100},"statements":{"total":0,"covered":0,"skipped":0,"pct":100},"branches":{"total":0,"covered":0,"skipped":0,"pct":100}}
,"/Users/James.Mckenzie/repos/checkout-prism-merchant-ui/src/components/InlineAlert/InlineAlert.tsx": {"lines":{"total":3,"covered":3,"skipped":0,"pct":100},"functions":{"total":1,"covered":1,"skipped":0,"pct":100},"statements":{"total":3,"covered":3,"skipped":0,"pct":100},"branches":{"total":0,"covered":0,"skipped":0,"pct":100}}
,"/Users/James.Mckenzie/repos/checkout-prism-merchant-ui/src/components/InlineAlert/index.ts": {"lines":{"total":0,"covered":0,"skipped":0,"pct":100},"functions":{"total":0,"covered":0,"skipped":0,"pct":100},"statements":{"total":0,"covered":0,"skipped":0,"pct":100},"branches":{"total":0,"covered":0,"skipped":0,"pct":100}}
,"/Users/James.Mckenzie/repos/checkout-prism-merchant-ui/src/components/Layout/MasterDetailsLayout.tsx": {"lines":{"total":1,"covered":0,"skipped":0,"pct":0},"functions":{"total":0,"covered":0,"skipped":0,"pct":100},"statements":{"total":1,"covered":0,"skipped":0,"pct":0},"branches":{"total":0,"covered":0,"skipped":0,"pct":100}}
,"/Users/James.Mckenzie/repos/checkout-prism-merchant-ui/src/components/Layouts/MasterDetailLayout.tsx": {"lines":{"total":1,"covered":0,"skipped":0,"pct":0},"functions":{"total":0,"covered":0,"skipped":0,"pct":100},"statements":{"total":1,"covered":0,"skipped":0,"pct":0},"branches":{"total":0,"covered":0,"skipped":0,"pct":100}}
,"/Users/James.Mckenzie/repos/checkout-prism-merchant-ui/src/components/LineClamp/LineClamp.tsx": {"lines":{"total":1,"covered":0,"skipped":0,"pct":0},"functions":{"total":0,"covered":0,"skipped":0,"pct":100},"statements":{"total":1,"covered":0,"skipped":0,"pct":0},"branches":{"total":0,"covered":0,"skipped":0,"pct":100}}
,"/Users/James.Mckenzie/repos/checkout-prism-merchant-ui/src/components/LineClamp/index.tsx": {"lines":{"total":0,"covered":0,"skipped":0,"pct":100},"functions":{"total":0,"covered":0,"skipped":0,"pct":100},"statements":{"total":0,"covered":0,"skipped":0,"pct":100},"branches":{"total":0,"covered":0,"skipped":0,"pct":100}}
,"/Users/James.Mckenzie/repos/checkout-prism-merchant-ui/src/components/LinkButton/LinkButton.tsx": {"lines":{"total":1,"covered":1,"skipped":0,"pct":100},"functions":{"total":1,"covered":1,"skipped":0,"pct":100},"statements":{"total":2,"covered":2,"skipped":0,"pct":100},"branches":{"total":0,"covered":0,"skipped":0,"pct":100}}
,"/Users/James.Mckenzie/repos/checkout-prism-merchant-ui/src/components/LinkButton/index.tsx": {"lines":{"total":0,"covered":0,"skipped":0,"pct":100},"functions":{"total":0,"covered":0,"skipped":0,"pct":100},"statements":{"total":0,"covered":0,"skipped":0,"pct":100},"branches":{"total":0,"covered":0,"skipped":0,"pct":100}}
,"/Users/James.Mckenzie/repos/checkout-prism-merchant-ui/src/components/Loader/FullScreenLoader.tsx": {"lines":{"total":2,"covered":2,"skipped":0,"pct":100},"functions":{"total":1,"covered":1,"skipped":0,"pct":100},"statements":{"total":2,"covered":2,"skipped":0,"pct":100},"branches":{"total":0,"covered":0,"skipped":0,"pct":100}}
,"/Users/James.Mckenzie/repos/checkout-prism-merchant-ui/src/components/Loader/Loader.tsx": {"lines":{"total":8,"covered":8,"skipped":0,"pct":100},"functions":{"total":2,"covered":2,"skipped":0,"pct":100},"statements":{"total":8,"covered":8,"skipped":0,"pct":100},"branches":{"total":2,"covered":1,"skipped":0,"pct":50}}
,"/Users/James.Mckenzie/repos/checkout-prism-merchant-ui/src/components/Loader/index.ts": {"lines":{"total":0,"covered":0,"skipped":0,"pct":100},"functions":{"total":0,"covered":0,"skipped":0,"pct":100},"statements":{"total":0,"covered":0,"skipped":0,"pct":100},"branches":{"total":0,"covered":0,"skipped":0,"pct":100}}
,"/Users/James.Mckenzie/repos/checkout-prism-merchant-ui/src/components/LoadingButton/LoadingButton.tsx": {"lines":{"total":22,"covered":20,"skipped":0,"pct":90.91},"functions":{"total":7,"covered":6,"skipped":0,"pct":85.71},"statements":{"total":23,"covered":21,"skipped":0,"pct":91.3},"branches":{"total":15,"covered":14,"skipped":0,"pct":93.33}}
,"/Users/James.Mckenzie/repos/checkout-prism-merchant-ui/src/components/LoadingButton/index.tsx": {"lines":{"total":0,"covered":0,"skipped":0,"pct":100},"functions":{"total":0,"covered":0,"skipped":0,"pct":100},"statements":{"total":0,"covered":0,"skipped":0,"pct":100},"branches":{"total":0,"covered":0,"skipped":0,"pct":100}}
,"/Users/James.Mckenzie/repos/checkout-prism-merchant-ui/src/components/Logo/Logo.tsx": {"lines":{"total":4,"covered":4,"skipped":0,"pct":100},"functions":{"total":1,"covered":1,"skipped":0,"pct":100},"statements":{"total":4,"covered":4,"skipped":0,"pct":100},"branches":{"total":3,"covered":2,"skipped":0,"pct":66.67}}
,"/Users/James.Mckenzie/repos/checkout-prism-merchant-ui/src/components/Logo/index.ts": {"lines":{"total":0,"covered":0,"skipped":0,"pct":100},"functions":{"total":0,"covered":0,"skipped":0,"pct":100},"statements":{"total":0,"covered":0,"skipped":0,"pct":100},"branches":{"total":0,"covered":0,"skipped":0,"pct":100}}
,"/Users/James.Mckenzie/repos/checkout-prism-merchant-ui/src/components/Logout/Logout.tsx": {"lines":{"total":11,"covered":0,"skipped":0,"pct":0},"functions":{"total":3,"covered":0,"skipped":0,"pct":0},"statements":{"total":11,"covered":0,"skipped":0,"pct":0},"branches":{"total":0,"covered":0,"skipped":0,"pct":100}}
,"/Users/James.Mckenzie/repos/checkout-prism-merchant-ui/src/components/Logout/index.ts": {"lines":{"total":0,"covered":0,"skipped":0,"pct":100},"functions":{"total":0,"covered":0,"skipped":0,"pct":100},"statements":{"total":0,"covered":0,"skipped":0,"pct":100},"branches":{"total":0,"covered":0,"skipped":0,"pct":100}}
,"/Users/James.Mckenzie/repos/checkout-prism-merchant-ui/src/components/MasterDetailsHeader/MasterDetailsHeaderLayout.tsx": {"lines":{"total":3,"covered":3,"skipped":0,"pct":100},"functions":{"total":0,"covered":0,"skipped":0,"pct":100},"statements":{"total":3,"covered":3,"skipped":0,"pct":100},"branches":{"total":0,"covered":0,"skipped":0,"pct":100}}
,"/Users/James.Mckenzie/repos/checkout-prism-merchant-ui/src/components/MasterDetailsHeader/MasterDetailsSearchInput.tsx": {"lines":{"total":6,"covered":6,"skipped":0,"pct":100},"functions":{"total":3,"covered":3,"skipped":0,"pct":100},"statements":{"total":6,"covered":6,"skipped":0,"pct":100},"branches":{"total":2,"covered":1,"skipped":0,"pct":50}}
,"/Users/James.Mckenzie/repos/checkout-prism-merchant-ui/src/components/MasterDetailsHeader/index.tsx": {"lines":{"total":0,"covered":0,"skipped":0,"pct":100},"functions":{"total":0,"covered":0,"skipped":0,"pct":100},"statements":{"total":0,"covered":0,"skipped":0,"pct":100},"branches":{"total":0,"covered":0,"skipped":0,"pct":100}}
,"/Users/James.Mckenzie/repos/checkout-prism-merchant-ui/src/components/MerchantSelector/MerchantMenuItem.tsx": {"lines":{"total":19,"covered":0,"skipped":0,"pct":0},"functions":{"total":6,"covered":0,"skipped":0,"pct":0},"statements":{"total":19,"covered":0,"skipped":0,"pct":0},"branches":{"total":17,"covered":0,"skipped":0,"pct":0}}
,"/Users/James.Mckenzie/repos/checkout-prism-merchant-ui/src/components/MerchantSelector/MerchantMenuList.tsx": {"lines":{"total":8,"covered":0,"skipped":0,"pct":0},"functions":{"total":1,"covered":0,"skipped":0,"pct":0},"statements":{"total":8,"covered":0,"skipped":0,"pct":0},"branches":{"total":2,"covered":0,"skipped":0,"pct":0}}
,"/Users/James.Mckenzie/repos/checkout-prism-merchant-ui/src/components/MerchantSelector/MerchantSelector.tsx": {"lines":{"total":17,"covered":0,"skipped":0,"pct":0},"functions":{"total":8,"covered":0,"skipped":0,"pct":0},"statements":{"total":17,"covered":0,"skipped":0,"pct":0},"branches":{"total":4,"covered":0,"skipped":0,"pct":0}}
,"/Users/James.Mckenzie/repos/checkout-prism-merchant-ui/src/components/MerchantSelector/MerchantSelectorButton.tsx": {"lines":{"total":12,"covered":0,"skipped":0,"pct":0},"functions":{"total":4,"covered":0,"skipped":0,"pct":0},"statements":{"total":12,"covered":0,"skipped":0,"pct":0},"branches":{"total":21,"covered":0,"skipped":0,"pct":0}}
,"/Users/James.Mckenzie/repos/checkout-prism-merchant-ui/src/components/MerchantSelector/MerchantSelectorEmptyPlaceholder.tsx": {"lines":{"total":2,"covered":0,"skipped":0,"pct":0},"functions":{"total":1,"covered":0,"skipped":0,"pct":0},"statements":{"total":2,"covered":0,"skipped":0,"pct":0},"branches":{"total":0,"covered":0,"skipped":0,"pct":100}}
,"/Users/James.Mckenzie/repos/checkout-prism-merchant-ui/src/components/MerchantSelector/index.ts": {"lines":{"total":0,"covered":0,"skipped":0,"pct":100},"functions":{"total":0,"covered":0,"skipped":0,"pct":100},"statements":{"total":0,"covered":0,"skipped":0,"pct":100},"branches":{"total":0,"covered":0,"skipped":0,"pct":100}}
,"/Users/James.Mckenzie/repos/checkout-prism-merchant-ui/src/components/PageHeader/PageHeader.tsx": {"lines":{"total":2,"covered":2,"skipped":0,"pct":100},"functions":{"total":1,"covered":1,"skipped":0,"pct":100},"statements":{"total":2,"covered":2,"skipped":0,"pct":100},"branches":{"total":2,"covered":1,"skipped":0,"pct":50}}
,"/Users/James.Mckenzie/repos/checkout-prism-merchant-ui/src/components/PageHeader/index.ts": {"lines":{"total":0,"covered":0,"skipped":0,"pct":100},"functions":{"total":0,"covered":0,"skipped":0,"pct":100},"statements":{"total":0,"covered":0,"skipped":0,"pct":100},"branches":{"total":0,"covered":0,"skipped":0,"pct":100}}
,"/Users/James.Mckenzie/repos/checkout-prism-merchant-ui/src/components/PermissionRoute/PermissionRoute.tsx": {"lines":{"total":7,"covered":0,"skipped":0,"pct":0},"functions":{"total":3,"covered":0,"skipped":0,"pct":0},"statements":{"total":8,"covered":0,"skipped":0,"pct":0},"branches":{"total":2,"covered":0,"skipped":0,"pct":0}}
,"/Users/James.Mckenzie/repos/checkout-prism-merchant-ui/src/components/PermissionRoute/index.ts": {"lines":{"total":0,"covered":0,"skipped":0,"pct":100},"functions":{"total":0,"covered":0,"skipped":0,"pct":100},"statements":{"total":0,"covered":0,"skipped":0,"pct":100},"branches":{"total":0,"covered":0,"skipped":0,"pct":100}}
,"/Users/James.Mckenzie/repos/checkout-prism-merchant-ui/src/components/Placeholders/Placeholder.tsx": {"lines":{"total":2,"covered":2,"skipped":0,"pct":100},"functions":{"total":1,"covered":1,"skipped":0,"pct":100},"statements":{"total":2,"covered":2,"skipped":0,"pct":100},"branches":{"total":1,"covered":1,"skipped":0,"pct":100}}
,"/Users/James.Mckenzie/repos/checkout-prism-merchant-ui/src/components/Placeholders/SidebarLinksPlaceholder.tsx": {"lines":{"total":3,"covered":3,"skipped":0,"pct":100},"functions":{"total":2,"covered":2,"skipped":0,"pct":100},"statements":{"total":3,"covered":3,"skipped":0,"pct":100},"branches":{"total":2,"covered":2,"skipped":0,"pct":100}}
,"/Users/James.Mckenzie/repos/checkout-prism-merchant-ui/src/components/Placeholders/index.ts": {"lines":{"total":0,"covered":0,"skipped":0,"pct":100},"functions":{"total":0,"covered":0,"skipped":0,"pct":100},"statements":{"total":0,"covered":0,"skipped":0,"pct":100},"branches":{"total":0,"covered":0,"skipped":0,"pct":100}}
,"/Users/James.Mckenzie/repos/checkout-prism-merchant-ui/src/components/Portal/Portal.tsx": {"lines":{"total":2,"covered":2,"skipped":0,"pct":100},"functions":{"total":1,"covered":1,"skipped":0,"pct":100},"statements":{"total":2,"covered":2,"skipped":0,"pct":100},"branches":{"total":0,"covered":0,"skipped":0,"pct":100}}
,"/Users/James.Mckenzie/repos/checkout-prism-merchant-ui/src/components/Portal/index.tsx": {"lines":{"total":0,"covered":0,"skipped":0,"pct":100},"functions":{"total":0,"covered":0,"skipped":0,"pct":100},"statements":{"total":0,"covered":0,"skipped":0,"pct":100},"branches":{"total":0,"covered":0,"skipped":0,"pct":100}}
,"/Users/James.Mckenzie/repos/checkout-prism-merchant-ui/src/components/PrimaryNav/Link.tsx": {"lines":{"total":5,"covered":5,"skipped":0,"pct":100},"functions":{"total":1,"covered":1,"skipped":0,"pct":100},"statements":{"total":5,"covered":5,"skipped":0,"pct":100},"branches":{"total":0,"covered":0,"skipped":0,"pct":100}}
,"/Users/James.Mckenzie/repos/checkout-prism-merchant-ui/src/components/PrimaryNav/PrimaryNav.tsx": {"lines":{"total":7,"covered":7,"skipped":0,"pct":100},"functions":{"total":2,"covered":2,"skipped":0,"pct":100},"statements":{"total":7,"covered":7,"skipped":0,"pct":100},"branches":{"total":17,"covered":17,"skipped":0,"pct":100}}
,"/Users/James.Mckenzie/repos/checkout-prism-merchant-ui/src/components/PrimaryNav/index.ts": {"lines":{"total":0,"covered":0,"skipped":0,"pct":100},"functions":{"total":0,"covered":0,"skipped":0,"pct":100},"statements":{"total":0,"covered":0,"skipped":0,"pct":100},"branches":{"total":0,"covered":0,"skipped":0,"pct":100}}
,"/Users/James.Mckenzie/repos/checkout-prism-merchant-ui/src/components/ResetConfirmationModal/ResetConfirmationModal.tsx": {"lines":{"total":2,"covered":0,"skipped":0,"pct":0},"functions":{"total":1,"covered":0,"skipped":0,"pct":0},"statements":{"total":2,"covered":0,"skipped":0,"pct":0},"branches":{"total":0,"covered":0,"skipped":0,"pct":100}}
,"/Users/James.Mckenzie/repos/checkout-prism-merchant-ui/src/components/ResetConfirmationModal/index.tsx": {"lines":{"total":0,"covered":0,"skipped":0,"pct":100},"functions":{"total":0,"covered":0,"skipped":0,"pct":100},"statements":{"total":0,"covered":0,"skipped":0,"pct":100},"branches":{"total":0,"covered":0,"skipped":0,"pct":100}}
,"/Users/James.Mckenzie/repos/checkout-prism-merchant-ui/src/components/RiskProfileInformation/RiskProfileInformation.tsx": {"lines":{"total":2,"covered":0,"skipped":0,"pct":0},"functions":{"total":1,"covered":0,"skipped":0,"pct":0},"statements":{"total":2,"covered":0,"skipped":0,"pct":0},"branches":{"total":0,"covered":0,"skipped":0,"pct":100}}
,"/Users/James.Mckenzie/repos/checkout-prism-merchant-ui/src/components/RiskProfileInformation/index.ts": {"lines":{"total":0,"covered":0,"skipped":0,"pct":100},"functions":{"total":0,"covered":0,"skipped":0,"pct":100},"statements":{"total":0,"covered":0,"skipped":0,"pct":100},"branches":{"total":0,"covered":0,"skipped":0,"pct":100}}
,"/Users/James.Mckenzie/repos/checkout-prism-merchant-ui/src/components/RiskProfileScoringRulesTable/RiskProfileScoringRulesTable.tsx": {"lines":{"total":11,"covered":10,"skipped":0,"pct":90.91},"functions":{"total":5,"covered":5,"skipped":0,"pct":100},"statements":{"total":11,"covered":10,"skipped":0,"pct":90.91},"branches":{"total":8,"covered":5,"skipped":0,"pct":62.5}}
,"/Users/James.Mckenzie/repos/checkout-prism-merchant-ui/src/components/RiskProfileScoringRulesTable/index.ts": {"lines":{"total":0,"covered":0,"skipped":0,"pct":100},"functions":{"total":0,"covered":0,"skipped":0,"pct":100},"statements":{"total":0,"covered":0,"skipped":0,"pct":100},"branches":{"total":0,"covered":0,"skipped":0,"pct":100}}
,"/Users/James.Mckenzie/repos/checkout-prism-merchant-ui/src/components/RiskProfilesHeader/RiskProfilesHeader.tsx": {"lines":{"total":3,"covered":3,"skipped":0,"pct":100},"functions":{"total":1,"covered":1,"skipped":0,"pct":100},"statements":{"total":3,"covered":3,"skipped":0,"pct":100},"branches":{"total":2,"covered":1,"skipped":0,"pct":50}}
,"/Users/James.Mckenzie/repos/checkout-prism-merchant-ui/src/components/RiskProfilesHeader/index.ts": {"lines":{"total":0,"covered":0,"skipped":0,"pct":100},"functions":{"total":0,"covered":0,"skipped":0,"pct":100},"statements":{"total":0,"covered":0,"skipped":0,"pct":100},"branches":{"total":0,"covered":0,"skipped":0,"pct":100}}
,"/Users/James.Mckenzie/repos/checkout-prism-merchant-ui/src/components/RiskProfilesSummariesList/RiskProfilesSummariesList.tsx": {"lines":{"total":6,"covered":5,"skipped":0,"pct":83.33},"functions":{"total":3,"covered":2,"skipped":0,"pct":66.67},"statements":{"total":6,"covered":5,"skipped":0,"pct":83.33},"branches":{"total":2,"covered":2,"skipped":0,"pct":100}}
,"/Users/James.Mckenzie/repos/checkout-prism-merchant-ui/src/components/RiskProfilesSummariesList/index.ts": {"lines":{"total":0,"covered":0,"skipped":0,"pct":100},"functions":{"total":0,"covered":0,"skipped":0,"pct":100},"statements":{"total":0,"covered":0,"skipped":0,"pct":100},"branches":{"total":0,"covered":0,"skipped":0,"pct":100}}
,"/Users/James.Mckenzie/repos/checkout-prism-merchant-ui/src/components/RoutingInfoModal/PostAuthModalInfo.tsx": {"lines":{"total":2,"covered":0,"skipped":0,"pct":0},"functions":{"total":1,"covered":0,"skipped":0,"pct":0},"statements":{"total":2,"covered":0,"skipped":0,"pct":0},"branches":{"total":0,"covered":0,"skipped":0,"pct":100}}
,"/Users/James.Mckenzie/repos/checkout-prism-merchant-ui/src/components/RoutingInfoModal/Pre3dsModalInfo.tsx": {"lines":{"total":4,"covered":0,"skipped":0,"pct":0},"functions":{"total":2,"covered":0,"skipped":0,"pct":0},"statements":{"total":4,"covered":0,"skipped":0,"pct":0},"branches":{"total":0,"covered":0,"skipped":0,"pct":100}}
,"/Users/James.Mckenzie/repos/checkout-prism-merchant-ui/src/components/RoutingInfoModal/index.tsx": {"lines":{"total":0,"covered":0,"skipped":0,"pct":100},"functions":{"total":0,"covered":0,"skipped":0,"pct":100},"statements":{"total":0,"covered":0,"skipped":0,"pct":100},"branches":{"total":0,"covered":0,"skipped":0,"pct":100}}
,"/Users/James.Mckenzie/repos/checkout-prism-merchant-ui/src/components/RoutingPanel/RoutingPanel.tsx": {"lines":{"total":9,"covered":0,"skipped":0,"pct":0},"functions":{"total":4,"covered":0,"skipped":0,"pct":0},"statements":{"total":10,"covered":0,"skipped":0,"pct":0},"branches":{"total":7,"covered":0,"skipped":0,"pct":0}}
,"/Users/James.Mckenzie/repos/checkout-prism-merchant-ui/src/components/RoutingPanel/index.tsx": {"lines":{"total":0,"covered":0,"skipped":0,"pct":100},"functions":{"total":0,"covered":0,"skipped":0,"pct":100},"statements":{"total":0,"covered":0,"skipped":0,"pct":100},"branches":{"total":0,"covered":0,"skipped":0,"pct":100}}
,"/Users/James.Mckenzie/repos/checkout-prism-merchant-ui/src/components/RoutingTree/AddLeafRoutingDecisionNode.tsx": {"lines":{"total":2,"covered":2,"skipped":0,"pct":100},"functions":{"total":1,"covered":1,"skipped":0,"pct":100},"statements":{"total":2,"covered":2,"skipped":0,"pct":100},"branches":{"total":0,"covered":0,"skipped":0,"pct":100}}
,"/Users/James.Mckenzie/repos/checkout-prism-merchant-ui/src/components/RoutingTree/CreateNewRuleButton.tsx": {"lines":{"total":10,"covered":2,"skipped":0,"pct":20},"functions":{"total":3,"covered":0,"skipped":0,"pct":0},"statements":{"total":10,"covered":2,"skipped":0,"pct":20},"branches":{"total":4,"covered":0,"skipped":0,"pct":0}}
,"/Users/James.Mckenzie/repos/checkout-prism-merchant-ui/src/components/RoutingTree/DefaultRoutingDecisionNode.tsx": {"lines":{"total":9,"covered":7,"skipped":0,"pct":77.78},"functions":{"total":3,"covered":1,"skipped":0,"pct":33.33},"statements":{"total":9,"covered":7,"skipped":0,"pct":77.78},"branches":{"total":5,"covered":5,"skipped":0,"pct":100}}
,"/Users/James.Mckenzie/repos/checkout-prism-merchant-ui/src/components/RoutingTree/LeafRoutingDecisionNode.tsx": {"lines":{"total":13,"covered":7,"skipped":0,"pct":53.85},"functions":{"total":7,"covered":1,"skipped":0,"pct":14.29},"statements":{"total":13,"covered":7,"skipped":0,"pct":53.85},"branches":{"total":8,"covered":8,"skipped":0,"pct":100}}
,"/Users/James.Mckenzie/repos/checkout-prism-merchant-ui/src/components/RoutingTree/NodeReorderingButtons.tsx": {"lines":{"total":9,"covered":6,"skipped":0,"pct":66.67},"functions":{"total":3,"covered":1,"skipped":0,"pct":33.33},"statements":{"total":9,"covered":6,"skipped":0,"pct":66.67},"branches":{"total":2,"covered":1,"skipped":0,"pct":50}}
,"/Users/James.Mckenzie/repos/checkout-prism-merchant-ui/src/components/RoutingTree/ParentRoutingDecisionNode.tsx": {"lines":{"total":9,"covered":6,"skipped":0,"pct":66.67},"functions":{"total":5,"covered":2,"skipped":0,"pct":40},"statements":{"total":9,"covered":6,"skipped":0,"pct":66.67},"branches":{"total":2,"covered":2,"skipped":0,"pct":100}}
,"/Users/James.Mckenzie/repos/checkout-prism-merchant-ui/src/components/RoutingTree/RoutingDecisionNodeDecisionSelector.tsx": {"lines":{"total":11,"covered":8,"skipped":0,"pct":72.73},"functions":{"total":5,"covered":2,"skipped":0,"pct":40},"statements":{"total":11,"covered":8,"skipped":0,"pct":72.73},"branches":{"total":2,"covered":0,"skipped":0,"pct":0}}
,"/Users/James.Mckenzie/repos/checkout-prism-merchant-ui/src/components/RoutingTree/RoutingDecisionNodeRuleSelector.tsx": {"lines":{"total":8,"covered":6,"skipped":0,"pct":75},"functions":{"total":6,"covered":4,"skipped":0,"pct":66.67},"statements":{"total":9,"covered":7,"skipped":0,"pct":77.78},"branches":{"total":0,"covered":0,"skipped":0,"pct":100}}
,"/Users/James.Mckenzie/repos/checkout-prism-merchant-ui/src/components/RoutingTree/RoutingTree.tsx": {"lines":{"total":5,"covered":5,"skipped":0,"pct":100},"functions":{"total":2,"covered":2,"skipped":0,"pct":100},"statements":{"total":5,"covered":5,"skipped":0,"pct":100},"branches":{"total":0,"covered":0,"skipped":0,"pct":100}}
,"/Users/James.Mckenzie/repos/checkout-prism-merchant-ui/src/components/RoutingTree/RoutingTreeNodes.tsx": {"lines":{"total":8,"covered":8,"skipped":0,"pct":100},"functions":{"total":1,"covered":1,"skipped":0,"pct":100},"statements":{"total":8,"covered":8,"skipped":0,"pct":100},"branches":{"total":4,"covered":4,"skipped":0,"pct":100}}
,"/Users/James.Mckenzie/repos/checkout-prism-merchant-ui/src/components/RoutingTree/RoutingTreeRoot.tsx": {"lines":{"total":2,"covered":2,"skipped":0,"pct":100},"functions":{"total":1,"covered":1,"skipped":0,"pct":100},"statements":{"total":2,"covered":2,"skipped":0,"pct":100},"branches":{"total":0,"covered":0,"skipped":0,"pct":100}}
,"/Users/James.Mckenzie/repos/checkout-prism-merchant-ui/src/components/RoutingTree/index.ts": {"lines":{"total":0,"covered":0,"skipped":0,"pct":100},"functions":{"total":0,"covered":0,"skipped":0,"pct":100},"statements":{"total":0,"covered":0,"skipped":0,"pct":100},"branches":{"total":0,"covered":0,"skipped":0,"pct":100}}
,"/Users/James.Mckenzie/repos/checkout-prism-merchant-ui/src/components/RoutingTree/utils.ts": {"lines":{"total":11,"covered":11,"skipped":0,"pct":100},"functions":{"total":5,"covered":5,"skipped":0,"pct":100},"statements":{"total":11,"covered":11,"skipped":0,"pct":100},"branches":{"total":0,"covered":0,"skipped":0,"pct":100}}
,"/Users/James.Mckenzie/repos/checkout-prism-merchant-ui/src/components/Sankey/Sankey.tsx": {"lines":{"total":30,"covered":0,"skipped":0,"pct":0},"functions":{"total":5,"covered":0,"skipped":0,"pct":0},"statements":{"total":31,"covered":0,"skipped":0,"pct":0},"branches":{"total":6,"covered":0,"skipped":0,"pct":0}}
,"/Users/James.Mckenzie/repos/checkout-prism-merchant-ui/src/components/Sankey/index.ts": {"lines":{"total":0,"covered":0,"skipped":0,"pct":100},"functions":{"total":0,"covered":0,"skipped":0,"pct":100},"statements":{"total":0,"covered":0,"skipped":0,"pct":100},"branches":{"total":0,"covered":0,"skipped":0,"pct":100}}
,"/Users/James.Mckenzie/repos/checkout-prism-merchant-ui/src/components/SavePrompts/RiskProfilesSavePrompt.tsx": {"lines":{"total":2,"covered":1,"skipped":0,"pct":50},"functions":{"total":1,"covered":0,"skipped":0,"pct":0},"statements":{"total":2,"covered":1,"skipped":0,"pct":50},"branches":{"total":0,"covered":0,"skipped":0,"pct":100}}
,"/Users/James.Mckenzie/repos/checkout-prism-merchant-ui/src/components/SavePrompts/RoutingSavePrompt.tsx": {"lines":{"total":2,"covered":1,"skipped":0,"pct":50},"functions":{"total":1,"covered":0,"skipped":0,"pct":0},"statements":{"total":2,"covered":1,"skipped":0,"pct":50},"branches":{"total":0,"covered":0,"skipped":0,"pct":100}}
,"/Users/James.Mckenzie/repos/checkout-prism-merchant-ui/src/components/SavePrompts/SavePrompt.tsx": {"lines":{"total":14,"covered":7,"skipped":0,"pct":50},"functions":{"total":5,"covered":3,"skipped":0,"pct":60},"statements":{"total":15,"covered":8,"skipped":0,"pct":53.33},"branches":{"total":7,"covered":1,"skipped":0,"pct":14.29}}
,"/Users/James.Mckenzie/repos/checkout-prism-merchant-ui/src/components/SavePrompts/index.ts": {"lines":{"total":0,"covered":0,"skipped":0,"pct":100},"functions":{"total":0,"covered":0,"skipped":0,"pct":100},"statements":{"total":0,"covered":0,"skipped":0,"pct":100},"branches":{"total":0,"covered":0,"skipped":0,"pct":100}}
,"/Users/James.Mckenzie/repos/checkout-prism-merchant-ui/src/components/SavePrompts/savePrompts.ts": {"lines":{"total":1,"covered":0,"skipped":0,"pct":0},"functions":{"total":0,"covered":0,"skipped":0,"pct":100},"statements":{"total":1,"covered":0,"skipped":0,"pct":0},"branches":{"total":0,"covered":0,"skipped":0,"pct":100}}
,"/Users/James.Mckenzie/repos/checkout-prism-merchant-ui/src/components/SearchInput/SearchInput.tsx": {"lines":{"total":8,"covered":8,"skipped":0,"pct":100},"functions":{"total":3,"covered":3,"skipped":0,"pct":100},"statements":{"total":8,"covered":8,"skipped":0,"pct":100},"branches":{"total":6,"covered":6,"skipped":0,"pct":100}}
,"/Users/James.Mckenzie/repos/checkout-prism-merchant-ui/src/components/SearchInput/index.ts": {"lines":{"total":0,"covered":0,"skipped":0,"pct":100},"functions":{"total":0,"covered":0,"skipped":0,"pct":100},"statements":{"total":0,"covered":0,"skipped":0,"pct":100},"branches":{"total":0,"covered":0,"skipped":0,"pct":100}}
,"/Users/James.Mckenzie/repos/checkout-prism-merchant-ui/src/components/Section/Section.tsx": {"lines":{"total":1,"covered":1,"skipped":0,"pct":100},"functions":{"total":1,"covered":0,"skipped":0,"pct":0},"statements":{"total":2,"covered":1,"skipped":0,"pct":50},"branches":{"total":0,"covered":0,"skipped":0,"pct":100}}
,"/Users/James.Mckenzie/repos/checkout-prism-merchant-ui/src/components/Section/index.tsx": {"lines":{"total":0,"covered":0,"skipped":0,"pct":100},"functions":{"total":0,"covered":0,"skipped":0,"pct":100},"statements":{"total":0,"covered":0,"skipped":0,"pct":100},"branches":{"total":0,"covered":0,"skipped":0,"pct":100}}
,"/Users/James.Mckenzie/repos/checkout-prism-merchant-ui/src/components/SidebarLinks/SidebarLinks.tsx": {"lines":{"total":4,"covered":4,"skipped":0,"pct":100},"functions":{"total":2,"covered":2,"skipped":0,"pct":100},"statements":{"total":4,"covered":4,"skipped":0,"pct":100},"branches":{"total":0,"covered":0,"skipped":0,"pct":100}}
,"/Users/James.Mckenzie/repos/checkout-prism-merchant-ui/src/components/SidebarLinks/index.ts": {"lines":{"total":0,"covered":0,"skipped":0,"pct":100},"functions":{"total":0,"covered":0,"skipped":0,"pct":100},"statements":{"total":0,"covered":0,"skipped":0,"pct":100},"branches":{"total":0,"covered":0,"skipped":0,"pct":100}}
,"/Users/James.Mckenzie/repos/checkout-prism-merchant-ui/src/components/SpacedButtonGroup/SpacedButtonGroup.tsx": {"lines":{"total":1,"covered":1,"skipped":0,"pct":100},"functions":{"total":0,"covered":0,"skipped":0,"pct":100},"statements":{"total":1,"covered":1,"skipped":0,"pct":100},"branches":{"total":0,"covered":0,"skipped":0,"pct":100}}
,"/Users/James.Mckenzie/repos/checkout-prism-merchant-ui/src/components/SpacedButtonGroup/index.ts": {"lines":{"total":0,"covered":0,"skipped":0,"pct":100},"functions":{"total":0,"covered":0,"skipped":0,"pct":100},"statements":{"total":0,"covered":0,"skipped":0,"pct":100},"branches":{"total":0,"covered":0,"skipped":0,"pct":100}}
,"/Users/James.Mckenzie/repos/checkout-prism-merchant-ui/src/components/Tabs/BaseTab.tsx": {"lines":{"total":2,"covered":2,"skipped":0,"pct":100},"functions":{"total":1,"covered":1,"skipped":0,"pct":100},"statements":{"total":2,"covered":2,"skipped":0,"pct":100},"branches":{"total":0,"covered":0,"skipped":0,"pct":100}}
,"/Users/James.Mckenzie/repos/checkout-prism-merchant-ui/src/components/Tabs/Tab.tsx": {"lines":{"total":5,"covered":4,"skipped":0,"pct":80},"functions":{"total":1,"covered":1,"skipped":0,"pct":100},"statements":{"total":5,"covered":4,"skipped":0,"pct":80},"branches":{"total":2,"covered":1,"skipped":0,"pct":50}}
,"/Users/James.Mckenzie/repos/checkout-prism-merchant-ui/src/components/Tabs/TabList.tsx": {"lines":{"total":4,"covered":4,"skipped":0,"pct":100},"functions":{"total":2,"covered":2,"skipped":0,"pct":100},"statements":{"total":4,"covered":4,"skipped":0,"pct":100},"branches":{"total":0,"covered":0,"skipped":0,"pct":100}}
,"/Users/James.Mckenzie/repos/checkout-prism-merchant-ui/src/components/Tabs/TabPanel.tsx": {"lines":{"total":3,"covered":3,"skipped":0,"pct":100},"functions":{"total":1,"covered":1,"skipped":0,"pct":100},"statements":{"total":3,"covered":3,"skipped":0,"pct":100},"branches":{"total":0,"covered":0,"skipped":0,"pct":100}}
,"/Users/James.Mckenzie/repos/checkout-prism-merchant-ui/src/components/Tabs/TabPanels.tsx": {"lines":{"total":4,"covered":4,"skipped":0,"pct":100},"functions":{"total":2,"covered":2,"skipped":0,"pct":100},"statements":{"total":4,"covered":4,"skipped":0,"pct":100},"branches":{"total":2,"covered":2,"skipped":0,"pct":100}}
,"/Users/James.Mckenzie/repos/checkout-prism-merchant-ui/src/components/Tabs/Tabs.tsx": {"lines":{"total":2,"covered":2,"skipped":0,"pct":100},"functions":{"total":1,"covered":1,"skipped":0,"pct":100},"statements":{"total":2,"covered":2,"skipped":0,"pct":100},"branches":{"total":1,"covered":1,"skipped":0,"pct":100}}
,"/Users/James.Mckenzie/repos/checkout-prism-merchant-ui/src/components/Tabs/index.ts": {"lines":{"total":0,"covered":0,"skipped":0,"pct":100},"functions":{"total":0,"covered":0,"skipped":0,"pct":100},"statements":{"total":0,"covered":0,"skipped":0,"pct":100},"branches":{"total":0,"covered":0,"skipped":0,"pct":100}}
,"/Users/James.Mckenzie/repos/checkout-prism-merchant-ui/src/components/Text/ParagraphText.tsx": {"lines":{"total":1,"covered":1,"skipped":0,"pct":100},"functions":{"total":1,"covered":0,"skipped":0,"pct":0},"statements":{"total":2,"covered":1,"skipped":0,"pct":50},"branches":{"total":0,"covered":0,"skipped":0,"pct":100}}
,"/Users/James.Mckenzie/repos/checkout-prism-merchant-ui/src/components/Text/Strong.tsx": {"lines":{"total":1,"covered":1,"skipped":0,"pct":100},"functions":{"total":1,"covered":0,"skipped":0,"pct":0},"statements":{"total":2,"covered":1,"skipped":0,"pct":50},"branches":{"total":0,"covered":0,"skipped":0,"pct":100}}
,"/Users/James.Mckenzie/repos/checkout-prism-merchant-ui/src/components/Text/index.tsx": {"lines":{"total":0,"covered":0,"skipped":0,"pct":100},"functions":{"total":0,"covered":0,"skipped":0,"pct":100},"statements":{"total":0,"covered":0,"skipped":0,"pct":100},"branches":{"total":0,"covered":0,"skipped":0,"pct":100}}
,"/Users/James.Mckenzie/repos/checkout-prism-merchant-ui/src/components/TextArea/TextArea.tsx": {"lines":{"total":6,"covered":0,"skipped":0,"pct":0},"functions":{"total":1,"covered":0,"skipped":0,"pct":0},"statements":{"total":6,"covered":0,"skipped":0,"pct":0},"branches":{"total":5,"covered":0,"skipped":0,"pct":0}}
,"/Users/James.Mckenzie/repos/checkout-prism-merchant-ui/src/components/TextArea/index.ts": {"lines":{"total":0,"covered":0,"skipped":0,"pct":100},"functions":{"total":0,"covered":0,"skipped":0,"pct":100},"statements":{"total":0,"covered":0,"skipped":0,"pct":100},"branches":{"total":0,"covered":0,"skipped":0,"pct":100}}
,"/Users/James.Mckenzie/repos/checkout-prism-merchant-ui/src/components/TextField/TextField.tsx": {"lines":{"total":5,"covered":5,"skipped":0,"pct":100},"functions":{"total":1,"covered":1,"skipped":0,"pct":100},"statements":{"total":5,"covered":5,"skipped":0,"pct":100},"branches":{"total":8,"covered":8,"skipped":0,"pct":100}}
,"/Users/James.Mckenzie/repos/checkout-prism-merchant-ui/src/components/TextField/index.ts": {"lines":{"total":0,"covered":0,"skipped":0,"pct":100},"functions":{"total":0,"covered":0,"skipped":0,"pct":100},"statements":{"total":0,"covered":0,"skipped":0,"pct":100},"branches":{"total":0,"covered":0,"skipped":0,"pct":100}}
,"/Users/James.Mckenzie/repos/checkout-prism-merchant-ui/src/components/ThreeDSVersionToggle/ThreeDSVersionToggle.tsx": {"lines":{"total":4,"covered":4,"skipped":0,"pct":100},"functions":{"total":2,"covered":2,"skipped":0,"pct":100},"statements":{"total":4,"covered":4,"skipped":0,"pct":100},"branches":{"total":0,"covered":0,"skipped":0,"pct":100}}
,"/Users/James.Mckenzie/repos/checkout-prism-merchant-ui/src/components/ThreeDSVersionToggle/index.tsx": {"lines":{"total":0,"covered":0,"skipped":0,"pct":100},"functions":{"total":0,"covered":0,"skipped":0,"pct":100},"statements":{"total":0,"covered":0,"skipped":0,"pct":100},"branches":{"total":0,"covered":0,"skipped":0,"pct":100}}
,"/Users/James.Mckenzie/repos/checkout-prism-merchant-ui/src/components/TooltipButtonWrapper/TooltipButtonWrapper.tsx": {"lines":{"total":6,"covered":4,"skipped":0,"pct":66.67},"functions":{"total":3,"covered":1,"skipped":0,"pct":33.33},"statements":{"total":7,"covered":5,"skipped":0,"pct":71.43},"branches":{"total":7,"covered":6,"skipped":0,"pct":85.71}}
,"/Users/James.Mckenzie/repos/checkout-prism-merchant-ui/src/components/TooltipButtonWrapper/index.tsx": {"lines":{"total":0,"covered":0,"skipped":0,"pct":100},"functions":{"total":0,"covered":0,"skipped":0,"pct":100},"statements":{"total":0,"covered":0,"skipped":0,"pct":100},"branches":{"total":0,"covered":0,"skipped":0,"pct":100}}
,"/Users/James.Mckenzie/repos/checkout-prism-merchant-ui/src/components/UnsavedChangesPrompt/UnsavedChangesPrompt.tsx": {"lines":{"total":10,"covered":0,"skipped":0,"pct":0},"functions":{"total":4,"covered":0,"skipped":0,"pct":0},"statements":{"total":11,"covered":0,"skipped":0,"pct":0},"branches":{"total":5,"covered":0,"skipped":0,"pct":0}}
,"/Users/James.Mckenzie/repos/checkout-prism-merchant-ui/src/components/UnsavedChangesPrompt/index.ts": {"lines":{"total":0,"covered":0,"skipped":0,"pct":100},"functions":{"total":0,"covered":0,"skipped":0,"pct":100},"statements":{"total":0,"covered":0,"skipped":0,"pct":100},"branches":{"total":0,"covered":0,"skipped":0,"pct":100}}
,"/Users/James.Mckenzie/repos/checkout-prism-merchant-ui/src/components/Uploader/Uploader.tsx": {"lines":{"total":25,"covered":17,"skipped":0,"pct":68},"functions":{"total":7,"covered":3,"skipped":0,"pct":42.86},"statements":{"total":25,"covered":17,"skipped":0,"pct":68},"branches":{"total":11,"covered":9,"skipped":0,"pct":81.82}}
,"/Users/James.Mckenzie/repos/checkout-prism-merchant-ui/src/components/Uploader/index.ts": {"lines":{"total":0,"covered":0,"skipped":0,"pct":100},"functions":{"total":0,"covered":0,"skipped":0,"pct":100},"statements":{"total":0,"covered":0,"skipped":0,"pct":100},"branches":{"total":0,"covered":0,"skipped":0,"pct":100}}
,"/Users/James.Mckenzie/repos/checkout-prism-merchant-ui/src/config/config.ts": {"lines":{"total":3,"covered":2,"skipped":0,"pct":66.67},"functions":{"total":0,"covered":0,"skipped":0,"pct":100},"statements":{"total":3,"covered":2,"skipped":0,"pct":66.67},"branches":{"total":2,"covered":1,"skipped":0,"pct":50}}
,"/Users/James.Mckenzie/repos/checkout-prism-merchant-ui/src/config/feature-flags.ts": {"lines":{"total":17,"covered":4,"skipped":0,"pct":23.53},"functions":{"total":1,"covered":0,"skipped":0,"pct":0},"statements":{"total":17,"covered":4,"skipped":0,"pct":23.53},"branches":{"total":11,"covered":1,"skipped":0,"pct":9.09}}
,"/Users/James.Mckenzie/repos/checkout-prism-merchant-ui/src/config/index.ts": {"lines":{"total":2,"covered":2,"skipped":0,"pct":100},"functions":{"total":0,"covered":0,"skipped":0,"pct":100},"statements":{"total":2,"covered":2,"skipped":0,"pct":100},"branches":{"total":0,"covered":0,"skipped":0,"pct":100}}
,"/Users/James.Mckenzie/repos/checkout-prism-merchant-ui/src/config/react-query-config.ts": {"lines":{"total":4,"covered":0,"skipped":0,"pct":0},"functions":{"total":1,"covered":0,"skipped":0,"pct":0},"statements":{"total":4,"covered":0,"skipped":0,"pct":0},"branches":{"total":2,"covered":0,"skipped":0,"pct":0}}
,"/Users/James.Mckenzie/repos/checkout-prism-merchant-ui/src/containers/AccountManagerContainer/AccountManagerContainer.tsx": {"lines":{"total":17,"covered":0,"skipped":0,"pct":0},"functions":{"total":4,"covered":0,"skipped":0,"pct":0},"statements":{"total":17,"covered":0,"skipped":0,"pct":0},"branches":{"total":6,"covered":0,"skipped":0,"pct":0}}
,"/Users/James.Mckenzie/repos/checkout-prism-merchant-ui/src/containers/AccountManagerContainer/index.ts": {"lines":{"total":0,"covered":0,"skipped":0,"pct":100},"functions":{"total":0,"covered":0,"skipped":0,"pct":100},"statements":{"total":0,"covered":0,"skipped":0,"pct":100},"branches":{"total":0,"covered":0,"skipped":0,"pct":100}}
,"/Users/James.Mckenzie/repos/checkout-prism-merchant-ui/src/containers/AddBlacklistEntryContainer/AddBlacklistEntryContainer.tsx": {"lines":{"total":11,"covered":0,"skipped":0,"pct":0},"functions":{"total":2,"covered":0,"skipped":0,"pct":0},"statements":{"total":11,"covered":0,"skipped":0,"pct":0},"branches":{"total":2,"covered":0,"skipped":0,"pct":0}}
,"/Users/James.Mckenzie/repos/checkout-prism-merchant-ui/src/containers/AddBlacklistEntryContainer/index.ts": {"lines":{"total":0,"covered":0,"skipped":0,"pct":100},"functions":{"total":0,"covered":0,"skipped":0,"pct":100},"statements":{"total":0,"covered":0,"skipped":0,"pct":100},"branches":{"total":0,"covered":0,"skipped":0,"pct":100}}
,"/Users/James.Mckenzie/repos/checkout-prism-merchant-ui/src/containers/AddListContainer/AddListContainer.tsx": {"lines":{"total":17,"covered":0,"skipped":0,"pct":0},"functions":{"total":3,"covered":0,"skipped":0,"pct":0},"statements":{"total":17,"covered":0,"skipped":0,"pct":0},"branches":{"total":14,"covered":0,"skipped":0,"pct":0}}
,"/Users/James.Mckenzie/repos/checkout-prism-merchant-ui/src/containers/AddListContainer/index.ts": {"lines":{"total":0,"covered":0,"skipped":0,"pct":100},"functions":{"total":0,"covered":0,"skipped":0,"pct":100},"statements":{"total":0,"covered":0,"skipped":0,"pct":100},"branches":{"total":0,"covered":0,"skipped":0,"pct":100}}
,"/Users/James.Mckenzie/repos/checkout-prism-merchant-ui/src/containers/AddListsEntryContainer/AddListsEntryContainer.tsx": {"lines":{"total":11,"covered":0,"skipped":0,"pct":0},"functions":{"total":2,"covered":0,"skipped":0,"pct":0},"statements":{"total":11,"covered":0,"skipped":0,"pct":0},"branches":{"total":2,"covered":0,"skipped":0,"pct":0}}
,"/Users/James.Mckenzie/repos/checkout-prism-merchant-ui/src/containers/AddListsEntryContainer/index.ts": {"lines":{"total":0,"covered":0,"skipped":0,"pct":100},"functions":{"total":0,"covered":0,"skipped":0,"pct":100},"statements":{"total":0,"covered":0,"skipped":0,"pct":100},"branches":{"total":0,"covered":0,"skipped":0,"pct":100}}
,"/Users/James.Mckenzie/repos/checkout-prism-merchant-ui/src/containers/AddRoutingActionContainer/AddRoutingActionContainer.tsx": {"lines":{"total":14,"covered":8,"skipped":0,"pct":57.14},"functions":{"total":5,"covered":2,"skipped":0,"pct":40},"statements":{"total":14,"covered":8,"skipped":0,"pct":57.14},"branches":{"total":6,"covered":4,"skipped":0,"pct":66.67}}
,"/Users/James.Mckenzie/repos/checkout-prism-merchant-ui/src/containers/AddRoutingActionContainer/index.ts": {"lines":{"total":0,"covered":0,"skipped":0,"pct":100},"functions":{"total":0,"covered":0,"skipped":0,"pct":100},"statements":{"total":0,"covered":0,"skipped":0,"pct":100},"branches":{"total":0,"covered":0,"skipped":0,"pct":100}}
,"/Users/James.Mckenzie/repos/checkout-prism-merchant-ui/src/containers/AppContainer/AppContainer.tsx": {"lines":{"total":2,"covered":0,"skipped":0,"pct":0},"functions":{"total":1,"covered":0,"skipped":0,"pct":0},"statements":{"total":2,"covered":0,"skipped":0,"pct":0},"branches":{"total":0,"covered":0,"skipped":0,"pct":100}}
,"/Users/James.Mckenzie/repos/checkout-prism-merchant-ui/src/containers/AppContainer/index.ts": {"lines":{"total":0,"covered":0,"skipped":0,"pct":100},"functions":{"total":0,"covered":0,"skipped":0,"pct":100},"statements":{"total":0,"covered":0,"skipped":0,"pct":100},"branches":{"total":0,"covered":0,"skipped":0,"pct":100}}
,"/Users/James.Mckenzie/repos/checkout-prism-merchant-ui/src/containers/BlacklistsDetailsContainer/BlacklistsDetailsContainer.tsx": {"lines":{"total":12,"covered":0,"skipped":0,"pct":0},"functions":{"total":3,"covered":0,"skipped":0,"pct":0},"statements":{"total":12,"covered":0,"skipped":0,"pct":0},"branches":{"total":4,"covered":0,"skipped":0,"pct":0}}
,"/Users/James.Mckenzie/repos/checkout-prism-merchant-ui/src/containers/BlacklistsDetailsContainer/index.ts": {"lines":{"total":0,"covered":0,"skipped":0,"pct":100},"functions":{"total":0,"covered":0,"skipped":0,"pct":100},"statements":{"total":0,"covered":0,"skipped":0,"pct":100},"branches":{"total":0,"covered":0,"skipped":0,"pct":100}}
,"/Users/James.Mckenzie/repos/checkout-prism-merchant-ui/src/containers/BlacklistsMasterContainer/BlacklistsMasterContainer.tsx": {"lines":{"total":14,"covered":11,"skipped":0,"pct":78.57},"functions":{"total":4,"covered":4,"skipped":0,"pct":100},"statements":{"total":15,"covered":12,"skipped":0,"pct":80},"branches":{"total":11,"covered":7,"skipped":0,"pct":63.64}}
,"/Users/James.Mckenzie/repos/checkout-prism-merchant-ui/src/containers/BlacklistsMasterContainer/index.ts": {"lines":{"total":0,"covered":0,"skipped":0,"pct":100},"functions":{"total":0,"covered":0,"skipped":0,"pct":100},"statements":{"total":0,"covered":0,"skipped":0,"pct":100},"branches":{"total":0,"covered":0,"skipped":0,"pct":100}}
,"/Users/James.Mckenzie/repos/checkout-prism-merchant-ui/src/containers/BlacklistsMasterDetailsHeaderContainer/BlacklistsMasterDetailsHeaderContainer.tsx": {"lines":{"total":15,"covered":12,"skipped":0,"pct":80},"functions":{"total":4,"covered":2,"skipped":0,"pct":50},"statements":{"total":15,"covered":12,"skipped":0,"pct":80},"branches":{"total":8,"covered":7,"skipped":0,"pct":87.5}}
,"/Users/James.Mckenzie/repos/checkout-prism-merchant-ui/src/containers/BlacklistsMasterDetailsHeaderContainer/index.ts": {"lines":{"total":0,"covered":0,"skipped":0,"pct":100},"functions":{"total":0,"covered":0,"skipped":0,"pct":100},"statements":{"total":0,"covered":0,"skipped":0,"pct":100},"branches":{"total":0,"covered":0,"skipped":0,"pct":100}}
,"/Users/James.Mckenzie/repos/checkout-prism-merchant-ui/src/containers/DashboardContainer/DashboardContainer.tsx": {"lines":{"total":5,"covered":0,"skipped":0,"pct":0},"functions":{"total":3,"covered":0,"skipped":0,"pct":0},"statements":{"total":5,"covered":0,"skipped":0,"pct":0},"branches":{"total":0,"covered":0,"skipped":0,"pct":100}}
,"/Users/James.Mckenzie/repos/checkout-prism-merchant-ui/src/containers/DashboardContainer/index.ts": {"lines":{"total":0,"covered":0,"skipped":0,"pct":100},"functions":{"total":0,"covered":0,"skipped":0,"pct":100},"statements":{"total":0,"covered":0,"skipped":0,"pct":100},"branches":{"total":0,"covered":0,"skipped":0,"pct":100}}
,"/Users/James.Mckenzie/repos/checkout-prism-merchant-ui/src/containers/DashboardContainer/DownloadTransactionReportContainer/AbortedReport.tsx": {"lines":{"total":4,"covered":0,"skipped":0,"pct":0},"functions":{"total":2,"covered":0,"skipped":0,"pct":0},"statements":{"total":4,"covered":0,"skipped":0,"pct":0},"branches":{"total":0,"covered":0,"skipped":0,"pct":100}}
,"/Users/James.Mckenzie/repos/checkout-prism-merchant-ui/src/containers/DashboardContainer/DownloadTransactionReportContainer/DownloadReport.tsx": {"lines":{"total":15,"covered":0,"skipped":0,"pct":0},"functions":{"total":5,"covered":0,"skipped":0,"pct":0},"statements":{"total":15,"covered":0,"skipped":0,"pct":0},"branches":{"total":4,"covered":0,"skipped":0,"pct":0}}
,"/Users/James.Mckenzie/repos/checkout-prism-merchant-ui/src/containers/DashboardContainer/DownloadTransactionReportContainer/DownloadTransactionReportContainer.tsx": {"lines":{"total":16,"covered":0,"skipped":0,"pct":0},"functions":{"total":4,"covered":0,"skipped":0,"pct":0},"statements":{"total":16,"covered":0,"skipped":0,"pct":0},"branches":{"total":10,"covered":0,"skipped":0,"pct":0}}
,"/Users/James.Mckenzie/repos/checkout-prism-merchant-ui/src/containers/DashboardContainer/DownloadTransactionReportContainer/GenerateAssesmentReport.tsx": {"lines":{"total":2,"covered":0,"skipped":0,"pct":0},"functions":{"total":1,"covered":0,"skipped":0,"pct":0},"statements":{"total":2,"covered":0,"skipped":0,"pct":0},"branches":{"total":0,"covered":0,"skipped":0,"pct":100}}
,"/Users/James.Mckenzie/repos/checkout-prism-merchant-ui/src/containers/DashboardContainer/DownloadTransactionReportContainer/PendingReport.tsx": {"lines":{"total":4,"covered":0,"skipped":0,"pct":0},"functions":{"total":2,"covered":0,"skipped":0,"pct":0},"statements":{"total":4,"covered":0,"skipped":0,"pct":0},"branches":{"total":0,"covered":0,"skipped":0,"pct":100}}
,"/Users/James.Mckenzie/repos/checkout-prism-merchant-ui/src/containers/DashboardContainer/DownloadTransactionReportContainer/index.ts": {"lines":{"total":0,"covered":0,"skipped":0,"pct":100},"functions":{"total":0,"covered":0,"skipped":0,"pct":100},"statements":{"total":0,"covered":0,"skipped":0,"pct":100},"branches":{"total":0,"covered":0,"skipped":0,"pct":100}}
,"/Users/James.Mckenzie/repos/checkout-prism-merchant-ui/src/containers/DashboardContainer/SankeyContainer/SankeyContainer.tsx": {"lines":{"total":24,"covered":0,"skipped":0,"pct":0},"functions":{"total":5,"covered":0,"skipped":0,"pct":0},"statements":{"total":24,"covered":0,"skipped":0,"pct":0},"branches":{"total":18,"covered":0,"skipped":0,"pct":0}}
,"/Users/James.Mckenzie/repos/checkout-prism-merchant-ui/src/containers/DashboardContainer/SankeyContainer/index.ts": {"lines":{"total":0,"covered":0,"skipped":0,"pct":100},"functions":{"total":0,"covered":0,"skipped":0,"pct":100},"statements":{"total":0,"covered":0,"skipped":0,"pct":100},"branches":{"total":0,"covered":0,"skipped":0,"pct":100}}
,"/Users/James.Mckenzie/repos/checkout-prism-merchant-ui/src/containers/DeleteBlacklistEntryContainer/DeleteBlacklistEntryContainer.tsx": {"lines":{"total":23,"covered":22,"skipped":0,"pct":95.65},"functions":{"total":4,"covered":4,"skipped":0,"pct":100},"statements":{"total":23,"covered":22,"skipped":0,"pct":95.65},"branches":{"total":2,"covered":1,"skipped":0,"pct":50}}
,"/Users/James.Mckenzie/repos/checkout-prism-merchant-ui/src/containers/DeleteBlacklistEntryContainer/index.ts": {"lines":{"total":0,"covered":0,"skipped":0,"pct":100},"functions":{"total":0,"covered":0,"skipped":0,"pct":100},"statements":{"total":0,"covered":0,"skipped":0,"pct":100},"branches":{"total":0,"covered":0,"skipped":0,"pct":100}}
,"/Users/James.Mckenzie/repos/checkout-prism-merchant-ui/src/containers/DeleteCustomListContainer/DeleteCustomListContainer.tsx": {"lines":{"total":27,"covered":26,"skipped":0,"pct":96.3},"functions":{"total":4,"covered":4,"skipped":0,"pct":100},"statements":{"total":27,"covered":26,"skipped":0,"pct":96.3},"branches":{"total":4,"covered":3,"skipped":0,"pct":75}}
,"/Users/James.Mckenzie/repos/checkout-prism-merchant-ui/src/containers/DeleteCustomListContainer/index.ts": {"lines":{"total":0,"covered":0,"skipped":0,"pct":100},"functions":{"total":0,"covered":0,"skipped":0,"pct":100},"statements":{"total":0,"covered":0,"skipped":0,"pct":100},"branches":{"total":0,"covered":0,"skipped":0,"pct":100}}
,"/Users/James.Mckenzie/repos/checkout-prism-merchant-ui/src/containers/DeleteListEntryContainer/DeleteListEntryContainer.tsx": {"lines":{"total":22,"covered":21,"skipped":0,"pct":95.45},"functions":{"total":4,"covered":4,"skipped":0,"pct":100},"statements":{"total":22,"covered":21,"skipped":0,"pct":95.45},"branches":{"total":2,"covered":1,"skipped":0,"pct":50}}
,"/Users/James.Mckenzie/repos/checkout-prism-merchant-ui/src/containers/DeleteListEntryContainer/index.ts": {"lines":{"total":0,"covered":0,"skipped":0,"pct":100},"functions":{"total":0,"covered":0,"skipped":0,"pct":100},"statements":{"total":0,"covered":0,"skipped":0,"pct":100},"branches":{"total":0,"covered":0,"skipped":0,"pct":100}}
,"/Users/James.Mckenzie/repos/checkout-prism-merchant-ui/src/containers/DeleteRuleContainer/DeleteRuleContainer.tsx": {"lines":{"total":26,"covered":25,"skipped":0,"pct":96.15},"functions":{"total":4,"covered":4,"skipped":0,"pct":100},"statements":{"total":26,"covered":25,"skipped":0,"pct":96.15},"branches":{"total":4,"covered":3,"skipped":0,"pct":75}}
,"/Users/James.Mckenzie/repos/checkout-prism-merchant-ui/src/containers/DeleteRuleContainer/index.ts": {"lines":{"total":0,"covered":0,"skipped":0,"pct":100},"functions":{"total":0,"covered":0,"skipped":0,"pct":100},"statements":{"total":0,"covered":0,"skipped":0,"pct":100},"branches":{"total":0,"covered":0,"skipped":0,"pct":100}}
,"/Users/James.Mckenzie/repos/checkout-prism-merchant-ui/src/containers/ImportBlacklistEntriesContainer/ImportBlacklistEntriesContainer.tsx": {"lines":{"total":11,"covered":0,"skipped":0,"pct":0},"functions":{"total":2,"covered":0,"skipped":0,"pct":0},"statements":{"total":11,"covered":0,"skipped":0,"pct":0},"branches":{"total":2,"covered":0,"skipped":0,"pct":0}}
,"/Users/James.Mckenzie/repos/checkout-prism-merchant-ui/src/containers/ImportBlacklistEntriesContainer/index.ts": {"lines":{"total":0,"covered":0,"skipped":0,"pct":100},"functions":{"total":0,"covered":0,"skipped":0,"pct":100},"statements":{"total":0,"covered":0,"skipped":0,"pct":100},"branches":{"total":0,"covered":0,"skipped":0,"pct":100}}
,"/Users/James.Mckenzie/repos/checkout-prism-merchant-ui/src/containers/ListsDetailsContainer/ListsDetailsContainer.tsx": {"lines":{"total":20,"covered":0,"skipped":0,"pct":0},"functions":{"total":6,"covered":0,"skipped":0,"pct":0},"statements":{"total":20,"covered":0,"skipped":0,"pct":0},"branches":{"total":6,"covered":0,"skipped":0,"pct":0}}
,"/Users/James.Mckenzie/repos/checkout-prism-merchant-ui/src/containers/ListsDetailsContainer/ListsInfoModalContainer.tsx": {"lines":{"total":2,"covered":0,"skipped":0,"pct":0},"functions":{"total":1,"covered":0,"skipped":0,"pct":0},"statements":{"total":2,"covered":0,"skipped":0,"pct":0},"branches":{"total":0,"covered":0,"skipped":0,"pct":100}}
,"/Users/James.Mckenzie/repos/checkout-prism-merchant-ui/src/containers/ListsDetailsContainer/index.ts": {"lines":{"total":0,"covered":0,"skipped":0,"pct":100},"functions":{"total":0,"covered":0,"skipped":0,"pct":100},"statements":{"total":0,"covered":0,"skipped":0,"pct":100},"branches":{"total":0,"covered":0,"skipped":0,"pct":100}}
,"/Users/James.Mckenzie/repos/checkout-prism-merchant-ui/src/containers/ListsMasterContainer/ListsMasterContainer.tsx": {"lines":{"total":18,"covered":0,"skipped":0,"pct":0},"functions":{"total":5,"covered":0,"skipped":0,"pct":0},"statements":{"total":19,"covered":0,"skipped":0,"pct":0},"branches":{"total":14,"covered":0,"skipped":0,"pct":0}}
,"/Users/James.Mckenzie/repos/checkout-prism-merchant-ui/src/containers/ListsMasterContainer/index.ts": {"lines":{"total":0,"covered":0,"skipped":0,"pct":100},"functions":{"total":0,"covered":0,"skipped":0,"pct":100},"statements":{"total":0,"covered":0,"skipped":0,"pct":100},"branches":{"total":0,"covered":0,"skipped":0,"pct":100}}
,"/Users/James.Mckenzie/repos/checkout-prism-merchant-ui/src/containers/ListsMasterDetailsHeaderContainer/ListsMasterDetailsHeaderContainer.tsx": {"lines":{"total":3,"covered":0,"skipped":0,"pct":0},"functions":{"total":1,"covered":0,"skipped":0,"pct":0},"statements":{"total":3,"covered":0,"skipped":0,"pct":0},"branches":{"total":2,"covered":0,"skipped":0,"pct":0}}
,"/Users/James.Mckenzie/repos/checkout-prism-merchant-ui/src/containers/ListsMasterDetailsHeaderContainer/index.ts": {"lines":{"total":0,"covered":0,"skipped":0,"pct":100},"functions":{"total":0,"covered":0,"skipped":0,"pct":100},"statements":{"total":0,"covered":0,"skipped":0,"pct":100},"branches":{"total":0,"covered":0,"skipped":0,"pct":100}}
,"/Users/James.Mckenzie/repos/checkout-prism-merchant-ui/src/containers/LoginContainer/LoginContainer.tsx": {"lines":{"total":33,"covered":26,"skipped":0,"pct":78.79},"functions":{"total":6,"covered":5,"skipped":0,"pct":83.33},"statements":{"total":33,"covered":26,"skipped":0,"pct":78.79},"branches":{"total":20,"covered":15,"skipped":0,"pct":75}}
,"/Users/James.Mckenzie/repos/checkout-prism-merchant-ui/src/containers/LoginContainer/index.ts": {"lines":{"total":0,"covered":0,"skipped":0,"pct":100},"functions":{"total":0,"covered":0,"skipped":0,"pct":100},"statements":{"total":0,"covered":0,"skipped":0,"pct":100},"branches":{"total":0,"covered":0,"skipped":0,"pct":100}}
,"/Users/James.Mckenzie/repos/checkout-prism-merchant-ui/src/containers/RoutingContainer/RoutingContainer.tsx": {"lines":{"total":2,"covered":0,"skipped":0,"pct":0},"functions":{"total":1,"covered":0,"skipped":0,"pct":0},"statements":{"total":2,"covered":0,"skipped":0,"pct":0},"branches":{"total":0,"covered":0,"skipped":0,"pct":100}}
,"/Users/James.Mckenzie/repos/checkout-prism-merchant-ui/src/containers/RoutingContainer/RoutingInfoBinaryModalContainer.tsx": {"lines":{"total":2,"covered":0,"skipped":0,"pct":0},"functions":{"total":1,"covered":0,"skipped":0,"pct":0},"statements":{"total":2,"covered":0,"skipped":0,"pct":0},"branches":{"total":0,"covered":0,"skipped":0,"pct":100}}
,"/Users/James.Mckenzie/repos/checkout-prism-merchant-ui/src/containers/RoutingContainer/RoutingInfoModalContainer.tsx": {"lines":{"total":2,"covered":0,"skipped":0,"pct":0},"functions":{"total":1,"covered":0,"skipped":0,"pct":0},"statements":{"total":2,"covered":0,"skipped":0,"pct":0},"branches":{"total":0,"covered":0,"skipped":0,"pct":100}}
,"/Users/James.Mckenzie/repos/checkout-prism-merchant-ui/src/containers/RoutingContainer/RoutingStepInfoModalContainer.tsx": {"lines":{"total":6,"covered":0,"skipped":0,"pct":0},"functions":{"total":1,"covered":0,"skipped":0,"pct":0},"statements":{"total":6,"covered":0,"skipped":0,"pct":0},"branches":{"total":2,"covered":0,"skipped":0,"pct":0}}
,"/Users/James.Mckenzie/repos/checkout-prism-merchant-ui/src/containers/RoutingContainer/index.ts": {"lines":{"total":0,"covered":0,"skipped":0,"pct":100},"functions":{"total":0,"covered":0,"skipped":0,"pct":100},"statements":{"total":0,"covered":0,"skipped":0,"pct":100},"branches":{"total":0,"covered":0,"skipped":0,"pct":100}}
,"/Users/James.Mckenzie/repos/checkout-prism-merchant-ui/src/containers/RoutingContainer/DraftRoutingContainer/DraftRoutingContainer.tsx": {"lines":{"total":7,"covered":0,"skipped":0,"pct":0},"functions":{"total":1,"covered":0,"skipped":0,"pct":0},"statements":{"total":7,"covered":0,"skipped":0,"pct":0},"branches":{"total":7,"covered":0,"skipped":0,"pct":0}}
,"/Users/James.Mckenzie/repos/checkout-prism-merchant-ui/src/containers/RoutingContainer/DraftRoutingContainer/DraftRoutingTreeContainer.tsx": {"lines":{"total":24,"covered":0,"skipped":0,"pct":0},"functions":{"total":7,"covered":0,"skipped":0,"pct":0},"statements":{"total":24,"covered":0,"skipped":0,"pct":0},"branches":{"total":6,"covered":0,"skipped":0,"pct":0}}
,"/Users/James.Mckenzie/repos/checkout-prism-merchant-ui/src/containers/RoutingContainer/DraftRoutingContainer/index.ts": {"lines":{"total":0,"covered":0,"skipped":0,"pct":100},"functions":{"total":0,"covered":0,"skipped":0,"pct":100},"statements":{"total":0,"covered":0,"skipped":0,"pct":100},"branches":{"total":0,"covered":0,"skipped":0,"pct":100}}
,"/Users/James.Mckenzie/repos/checkout-prism-merchant-ui/src/containers/RoutingContainer/PostAuthRoutingContainer/PostAuthRoutingContainer.tsx": {"lines":{"total":3,"covered":0,"skipped":0,"pct":0},"functions":{"total":1,"covered":0,"skipped":0,"pct":0},"statements":{"total":3,"covered":0,"skipped":0,"pct":0},"branches":{"total":0,"covered":0,"skipped":0,"pct":100}}
,"/Users/James.Mckenzie/repos/checkout-prism-merchant-ui/src/containers/RoutingContainer/PostAuthRoutingContainer/index.ts": {"lines":{"total":0,"covered":0,"skipped":0,"pct":100},"functions":{"total":0,"covered":0,"skipped":0,"pct":100},"statements":{"total":0,"covered":0,"skipped":0,"pct":100},"branches":{"total":0,"covered":0,"skipped":0,"pct":100}}
,"/Users/James.Mckenzie/repos/checkout-prism-merchant-ui/src/containers/RoutingContainer/Pre3dsRoutingContainer/Pre3dsRoutingContainer.tsx": {"lines":{"total":3,"covered":0,"skipped":0,"pct":0},"functions":{"total":1,"covered":0,"skipped":0,"pct":0},"statements":{"total":3,"covered":0,"skipped":0,"pct":0},"branches":{"total":0,"covered":0,"skipped":0,"pct":100}}
,"/Users/James.Mckenzie/repos/checkout-prism-merchant-ui/src/containers/RoutingContainer/Pre3dsRoutingContainer/index.ts": {"lines":{"total":0,"covered":0,"skipped":0,"pct":100},"functions":{"total":0,"covered":0,"skipped":0,"pct":100},"statements":{"total":0,"covered":0,"skipped":0,"pct":100},"branches":{"total":0,"covered":0,"skipped":0,"pct":100}}
[...]
,"/Users/James.Mckenzie/repos/checkout-prism-merchant-ui/src/hooks/useSetGlobalData/index.ts": {"lines":{"total":0,"covered":0,"skipped":0,"pct":100},"functions":{"total":0,"covered":0,"skipped":0,"pct":100},"statements":{"total":0,"covered":0,"skipped":0,"pct":100},"branches":{"total":0,"covered":0,"skipped":0,"pct":100}}
,"/Users/James.Mckenzie/repos/checkout-prism-merchant-ui/src/hooks/useSetGlobalData/useSetGlobalData.ts": {"lines":{"total":8,"covered":0,"skipped":0,"pct":0},"functions":{"total":1,"covered":0,"skipped":0,"pct":0},"statements":{"total":8,"covered":0,"skipped":0,"pct":0},"branches":{"total":7,"covered":0,"skipped":0,"pct":0}}
,"/Users/James.Mckenzie/repos/checkout-prism-merchant-ui/src/hooks/useSetGlobalData/useSetMerchants.ts": {"lines":{"total":16,"covered":16,"skipped":0,"pct":100},"functions":{"total":4,"covered":4,"skipped":0,"pct":100},"statements":{"total":16,"covered":16,"skipped":0,"pct":100},"branches":{"total":10,"covered":8,"skipped":0,"pct":80}}
,"/Users/James.Mckenzie/repos/checkout-prism-merchant-ui/src/hooks/useSetGlobalData/useSetPermissions.ts": {"lines":{"total":15,"covered":13,"skipped":0,"pct":86.67},"functions":{"total":2,"covered":2,"skipped":0,"pct":100},"statements":{"total":15,"covered":13,"skipped":0,"pct":86.67},"branches":{"total":16,"covered":12,"skipped":0,"pct":75}}
,"/Users/James.Mckenzie/repos/checkout-prism-merchant-ui/src/hooks/useSetGlobalData/useSetUser.ts": {"lines":{"total":8,"covered":8,"skipped":0,"pct":100},"functions":{"total":3,"covered":3,"skipped":0,"pct":100},"statements":{"total":8,"covered":8,"skipped":0,"pct":100},"branches":{"total":0,"covered":0,"skipped":0,"pct":100}}
,"/Users/James.Mckenzie/repos/checkout-prism-merchant-ui/src/hooks/useSyntaxHighlighting/index.ts": {"lines":{"total":0,"covered":0,"skipped":0,"pct":100},"functions":{"total":0,"covered":0,"skipped":0,"pct":100},"statements":{"total":0,"covered":0,"skipped":0,"pct":100},"branches":{"total":0,"covered":0,"skipped":0,"pct":100}}
,"/Users/James.Mckenzie/repos/checkout-prism-merchant-ui/src/hooks/useSyntaxHighlighting/useSyntaxHighlighting.tsx": {"lines":{"total":15,"covered":15,"skipped":0,"pct":100},"functions":{"total":8,"covered":8,"skipped":0,"pct":100},"statements":{"total":17,"covered":17,"skipped":0,"pct":100},"branches":{"total":2,"covered":2,"skipped":0,"pct":100}}
,"/Users/James.Mckenzie/repos/checkout-prism-merchant-ui/src/hooks/useTabs/index.ts": {"lines":{"total":0,"covered":0,"skipped":0,"pct":100},"functions":{"total":0,"covered":0,"skipped":0,"pct":100},"statements":{"total":0,"covered":0,"skipped":0,"pct":100},"branches":{"total":0,"covered":0,"skipped":0,"pct":100}}
,"/Users/James.Mckenzie/repos/checkout-prism-merchant-ui/src/hooks/useTabs/useTabs.ts": {"lines":{"total":23,"covered":21,"skipped":0,"pct":91.3},"functions":{"total":9,"covered":8,"skipped":0,"pct":88.89},"statements":{"total":23,"covered":21,"skipped":0,"pct":91.3},"branches":{"total":10,"covered":9,"skipped":0,"pct":90}}
,"/Users/James.Mckenzie/repos/checkout-prism-merchant-ui/src/hooks/useTheme/index.ts": {"lines":{"total":0,"covered":0,"skipped":0,"pct":100},"functions":{"total":0,"covered":0,"skipped":0,"pct":100},"statements":{"total":0,"covered":0,"skipped":0,"pct":100},"branches":{"total":0,"covered":0,"skipped":0,"pct":100}}
,"/Users/James.Mckenzie/repos/checkout-prism-merchant-ui/src/hooks/useTheme/useTheme.ts": {"lines":{"total":1,"covered":0,"skipped":0,"pct":0},"functions":{"total":1,"covered":0,"skipped":0,"pct":0},"statements":{"total":2,"covered":0,"skipped":0,"pct":0},"branches":{"total":0,"covered":0,"skipped":0,"pct":100}}
,"/Users/James.Mckenzie/repos/checkout-prism-merchant-ui/src/hooks/useUser/index.ts": {"lines":{"total":0,"covered":0,"skipped":0,"pct":100},"functions":{"total":0,"covered":0,"skipped":0,"pct":100},"statements":{"total":0,"covered":0,"skipped":0,"pct":100},"branches":{"total":0,"covered":0,"skipped":0,"pct":100}}
,"/Users/James.Mckenzie/repos/checkout-prism-merchant-ui/src/hooks/useUser/useUser.ts": {"lines":{"total":5,"covered":5,"skipped":0,"pct":100},"functions":{"total":2,"covered":2,"skipped":0,"pct":100},"statements":{"total":5,"covered":5,"skipped":0,"pct":100},"branches":{"total":0,"covered":0,"skipped":0,"pct":100}}
,"/Users/James.Mckenzie/repos/checkout-prism-merchant-ui/src/hooks/useWatchForResize/index.ts": {"lines":{"total":0,"covered":0,"skipped":0,"pct":100},"functions":{"total":0,"covered":0,"skipped":0,"pct":100},"statements":{"total":0,"covered":0,"skipped":0,"pct":100},"branches":{"total":0,"covered":0,"skipped":0,"pct":100}}
,"/Users/James.Mckenzie/repos/checkout-prism-merchant-ui/src/hooks/useWatchForResize/useWatchForResize.ts": {"lines":{"total":14,"covered":14,"skipped":0,"pct":100},"functions":{"total":5,"covered":5,"skipped":0,"pct":100},"statements":{"total":14,"covered":14,"skipped":0,"pct":100},"branches":{"total":4,"covered":4,"skipped":0,"pct":100}}
,"/Users/James.Mckenzie/repos/checkout-prism-merchant-ui/src/styles/OrderedList.tsx": {"lines":{"total":1,"covered":0,"skipped":0,"pct":0},"functions":{"total":0,"covered":0,"skipped":0,"pct":100},"statements":{"total":1,"covered":0,"skipped":0,"pct":0},"branches":{"total":0,"covered":0,"skipped":0,"pct":100}}
,"/Users/James.Mckenzie/repos/checkout-prism-merchant-ui/src/styles/Responsive.tsx": {"lines":{"total":3,"covered":0,"skipped":0,"pct":0},"functions":{"total":0,"covered":0,"skipped":0,"pct":100},"statements":{"total":3,"covered":0,"skipped":0,"pct":0},"branches":{"total":0,"covered":0,"skipped":0,"pct":100}}
,"/Users/James.Mckenzie/repos/checkout-prism-merchant-ui/src/styles/UnorderedList.tsx": {"lines":{"total":1,"covered":1,"skipped":0,"pct":100},"functions":{"total":0,"covered":0,"skipped":0,"pct":100},"statements":{"total":1,"covered":1,"skipped":0,"pct":100},"branches":{"total":0,"covered":0,"skipped":0,"pct":100}}
,"/Users/James.Mckenzie/repos/checkout-prism-merchant-ui/src/styles/global-styles.ts": {"lines":{"total":0,"covered":0,"skipped":0,"pct":100},"functions":{"total":0,"covered":0,"skipped":0,"pct":100},"statements":{"total":0,"covered":0,"skipped":0,"pct":100},"branches":{"total":0,"covered":0,"skipped":0,"pct":100}}
,"/Users/James.Mckenzie/repos/checkout-prism-merchant-ui/src/styles/index.tsx": {"lines":{"total":1,"covered":0,"skipped":0,"pct":0},"functions":{"total":0,"covered":0,"skipped":0,"pct":100},"statements":{"total":1,"covered":0,"skipped":0,"pct":0},"branches":{"total":0,"covered":0,"skipped":0,"pct":100}}
,"/Users/James.Mckenzie/repos/checkout-prism-merchant-ui/src/styles/reset.ts": {"lines":{"total":0,"covered":0,"skipped":0,"pct":100},"functions":{"total":0,"covered":0,"skipped":0,"pct":100},"statements":{"total":0,"covered":0,"skipped":0,"pct":100},"branches":{"total":0,"covered":0,"skipped":0,"pct":100}}
,"/Users/James.Mckenzie/repos/checkout-prism-merchant-ui/src/tests/mockData/riskProfiles.ts": {"lines":{"total":3,"covered":3,"skipped":0,"pct":100},"functions":{"total":0,"covered":0,"skipped":0,"pct":100},"statements":{"total":3,"covered":3,"skipped":0,"pct":100},"branches":{"total":0,"covered":0,"skipped":0,"pct":100}}
,"/Users/James.Mckenzie/repos/checkout-prism-merchant-ui/src/tests/mockData/rules.ts": {"lines":{"total":3,"covered":3,"skipped":0,"pct":100},"functions":{"total":0,"covered":0,"skipped":0,"pct":100},"statements":{"total":3,"covered":3,"skipped":0,"pct":100},"branches":{"total":0,"covered":0,"skipped":0,"pct":100}}
,"/Users/James.Mckenzie/repos/checkout-prism-merchant-ui/src/tests/mockData/user.ts": {"lines":{"total":1,"covered":0,"skipped":0,"pct":0},"functions":{"total":0,"covered":0,"skipped":0,"pct":100},"statements":{"total":1,"covered":0,"skipped":0,"pct":0},"branches":{"total":0,"covered":0,"skipped":0,"pct":100}}
,"/Users/James.Mckenzie/repos/checkout-prism-merchant-ui/src/tests/server/index.ts": {"lines":{"total":1,"covered":1,"skipped":0,"pct":100},"functions":{"total":0,"covered":0,"skipped":0,"pct":100},"statements":{"total":1,"covered":1,"skipped":0,"pct":100},"branches":{"total":0,"covered":0,"skipped":0,"pct":100}}
,"/Users/James.Mckenzie/repos/checkout-prism-merchant-ui/src/tests/server/utils.ts": {"lines":{"total":6,"covered":6,"skipped":0,"pct":100},"functions":{"total":2,"covered":2,"skipped":0,"pct":100},"statements":{"total":6,"covered":6,"skipped":0,"pct":100},"branches":{"total":5,"covered":3,"skipped":0,"pct":60}}
,"/Users/James.Mckenzie/repos/checkout-prism-merchant-ui/src/tests/server/endpoints/index.ts": {"lines":{"total":1,"covered":1,"skipped":0,"pct":100},"functions":{"total":0,"covered":0,"skipped":0,"pct":100},"statements":{"total":1,"covered":1,"skipped":0,"pct":100},"branches":{"total":0,"covered":0,"skipped":0,"pct":100}}
,"/Users/James.Mckenzie/repos/checkout-prism-merchant-ui/src/tests/server/endpoints/lists.ts": {"lines":{"total":1,"covered":1,"skipped":0,"pct":100},"functions":{"total":0,"covered":0,"skipped":0,"pct":100},"statements":{"total":1,"covered":1,"skipped":0,"pct":100},"branches":{"total":0,"covered":0,"skipped":0,"pct":100}}
,"/Users/James.Mckenzie/repos/checkout-prism-merchant-ui/src/tests/server/endpoints/rules.ts": {"lines":{"total":1,"covered":1,"skipped":0,"pct":100},"functions":{"total":0,"covered":0,"skipped":0,"pct":100},"statements":{"total":1,"covered":1,"skipped":0,"pct":100},"branches":{"total":0,"covered":0,"skipped":0,"pct":100}}
,"/Users/James.Mckenzie/repos/checkout-prism-merchant-ui/src/tests/utils/index.ts": {"lines":{"total":1,"covered":1,"skipped":0,"pct":100},"functions":{"total":1,"covered":1,"skipped":0,"pct":100},"statements":{"total":2,"covered":2,"skipped":0,"pct":100},"branches":{"total":0,"covered":0,"skipped":0,"pct":100}}
,"/Users/James.Mckenzie/repos/checkout-prism-merchant-ui/src/types/console.d.ts": {"lines":{"total":0,"covered":0,"skipped":0,"pct":100},"functions":{"total":0,"covered":0,"skipped":0,"pct":100},"statements":{"total":0,"covered":0,"skipped":0,"pct":100},"branches":{"total":0,"covered":0,"skipped":0,"pct":100}}
,"/Users/James.Mckenzie/repos/checkout-prism-merchant-ui/src/types/jest.d.ts": {"lines":{"total":0,"covered":0,"skipped":0,"pct":100},"functions":{"total":0,"covered":0,"skipped":0,"pct":100},"statements":{"total":0,"covered":0,"skipped":0,"pct":100},"branches":{"total":0,"covered":0,"skipped":0,"pct":100}}
,"/Users/James.Mckenzie/repos/checkout-prism-merchant-ui/src/types/okta-react.d.ts": {"lines":{"total":0,"covered":0,"skipped":0,"pct":100},"functions":{"total":0,"covered":0,"skipped":0,"pct":100},"statements":{"total":0,"covered":0,"skipped":0,"pct":100},"branches":{"total":0,"covered":0,"skipped":0,"pct":100}}
,"/Users/James.Mckenzie/repos/checkout-prism-merchant-ui/src/types/styled-components-cssprop.d.ts": {"lines":{"total":0,"covered":0,"skipped":0,"pct":100},"functions":{"total":0,"covered":0,"skipped":0,"pct":100},"statements":{"total":0,"covered":0,"skipped":0,"pct":100},"branches":{"total":0,"covered":0,"skipped":0,"pct":100}}
,"/Users/James.Mckenzie/repos/checkout-prism-merchant-ui/src/types/styled.d.ts": {"lines":{"total":0,"covered":0,"skipped":0,"pct":100},"functions":{"total":0,"covered":0,"skipped":0,"pct":100},"statements":{"total":0,"covered":0,"skipped":0,"pct":100},"branches":{"total":0,"covered":0,"skipped":0,"pct":100}}
,"/Users/James.Mckenzie/repos/checkout-prism-merchant-ui/src/types/utilities.ts": {"lines":{"total":0,"covered":0,"skipped":0,"pct":100},"functions":{"total":0,"covered":0,"skipped":0,"pct":100},"statements":{"total":0,"covered":0,"skipped":0,"pct":100},"branches":{"total":0,"covered":0,"skipped":0,"pct":100}}
,"/Users/James.Mckenzie/repos/checkout-prism-merchant-ui/src/types/window.d.ts": {"lines":{"total":0,"covered":0,"skipped":0,"pct":100},"functions":{"total":0,"covered":0,"skipped":0,"pct":100},"statements":{"total":0,"covered":0,"skipped":0,"pct":100},"branches":{"total":0,"covered":0,"skipped":0,"pct":100}}
,"/Users/James.Mckenzie/repos/checkout-prism-merchant-ui/src/types/enums/modals.ts": {"lines":{"total":0,"covered":0,"skipped":0,"pct":100},"functions":{"total":0,"covered":0,"skipped":0,"pct":100},"statements":{"total":0,"covered":0,"skipped":0,"pct":100},"branches":{"total":0,"covered":0,"skipped":0,"pct":100}}
,"/Users/James.Mckenzie/repos/checkout-prism-merchant-ui/src/types/enums/status.ts": {"lines":{"total":0,"covered":0,"skipped":0,"pct":100},"functions":{"total":0,"covered":0,"skipped":0,"pct":100},"statements":{"total":0,"covered":0,"skipped":0,"pct":100},"branches":{"total":0,"covered":0,"skipped":0,"pct":100}}
,"/Users/James.Mckenzie/repos/checkout-prism-merchant-ui/src/types/models/index.ts": {"lines":{"total":0,"covered":0,"skipped":0,"pct":100},"functions":{"total":0,"covered":0,"skipped":0,"pct":100},"statements":{"total":0,"covered":0,"skipped":0,"pct":100},"branches":{"total":0,"covered":0,"skipped":0,"pct":100}}
,"/Users/James.Mckenzie/repos/checkout-prism-merchant-ui/src/utils/browser.ts": {"lines":{"total":8,"covered":2,"skipped":0,"pct":25},"functions":{"total":1,"covered":1,"skipped":0,"pct":100},"statements":{"total":8,"covered":2,"skipped":0,"pct":25},"branches":{"total":0,"covered":0,"skipped":0,"pct":100}}
,"/Users/James.Mckenzie/repos/checkout-prism-merchant-ui/src/utils/decisions.ts": {"lines":{"total":27,"covered":24,"skipped":0,"pct":88.89},"functions":{"total":9,"covered":7,"skipped":0,"pct":77.78},"statements":{"total":28,"covered":25,"skipped":0,"pct":89.29},"branches":{"total":9,"covered":7,"skipped":0,"pct":77.78}}
,"/Users/James.Mckenzie/repos/checkout-prism-merchant-ui/src/utils/errors.ts": {"lines":{"total":2,"covered":2,"skipped":0,"pct":100},"functions":{"total":1,"covered":1,"skipped":0,"pct":100},"statements":{"total":2,"covered":2,"skipped":0,"pct":100},"branches":{"total":0,"covered":0,"skipped":0,"pct":100}}
,"/Users/James.Mckenzie/repos/checkout-prism-merchant-ui/src/utils/groupBy.ts": {"lines":{"total":6,"covered":6,"skipped":0,"pct":100},"functions":{"total":2,"covered":2,"skipped":0,"pct":100},"statements":{"total":6,"covered":6,"skipped":0,"pct":100},"branches":{"total":2,"covered":2,"skipped":0,"pct":100}}
,"/Users/James.Mckenzie/repos/checkout-prism-merchant-ui/src/utils/hotjar.ts": {"lines":{"total":10,"covered":0,"skipped":0,"pct":0},"functions":{"total":3,"covered":0,"skipped":0,"pct":0},"statements":{"total":10,"covered":0,"skipped":0,"pct":0},"branches":{"total":4,"covered":0,"skipped":0,"pct":0}}
,"/Users/James.Mckenzie/repos/checkout-prism-merchant-ui/src/utils/mergeRefs.ts": {"lines":{"total":7,"covered":0,"skipped":0,"pct":0},"functions":{"total":3,"covered":0,"skipped":0,"pct":0},"statements":{"total":7,"covered":0,"skipped":0,"pct":0},"branches":{"total":4,"covered":0,"skipped":0,"pct":0}}
,"/Users/James.Mckenzie/repos/checkout-prism-merchant-ui/src/utils/paymentProcessingSteps.ts": {"lines":{"total":1,"covered":1,"skipped":0,"pct":100},"functions":{"total":0,"covered":0,"skipped":0,"pct":100},"statements":{"total":1,"covered":1,"skipped":0,"pct":100},"branches":{"total":0,"covered":0,"skipped":0,"pct":100}}
,"/Users/James.Mckenzie/repos/checkout-prism-merchant-ui/src/utils/percentageRoundingCalculation.ts": {"lines":{"total":26,"covered":26,"skipped":0,"pct":100},"functions":{"total":11,"covered":11,"skipped":0,"pct":100},"statements":{"total":26,"covered":26,"skipped":0,"pct":100},"branches":{"total":4,"covered":3,"skipped":0,"pct":75}}
,"/Users/James.Mckenzie/repos/checkout-prism-merchant-ui/src/utils/sankey.ts": {"lines":{"total":48,"covered":43,"skipped":0,"pct":89.58},"functions":{"total":20,"covered":19,"skipped":0,"pct":95},"statements":{"total":54,"covered":48,"skipped":0,"pct":88.89},"branches":{"total":19,"covered":15,"skipped":0,"pct":78.95}}
,"/Users/James.Mckenzie/repos/checkout-prism-merchant-ui/src/utils/ScoringDecisionList/ScoringDecisionList.ts": {"lines":{"total":40,"covered":39,"skipped":0,"pct":97.5},"functions":{"total":5,"covered":5,"skipped":0,"pct":100},"statements":{"total":40,"covered":39,"skipped":0,"pct":97.5},"branches":{"total":16,"covered":16,"skipped":0,"pct":100}}
,"/Users/James.Mckenzie/repos/checkout-prism-merchant-ui/src/utils/ScoringDecisionList/ScoringDecisionNode.ts": {"lines":{"total":39,"covered":38,"skipped":0,"pct":97.44},"functions":{"total":7,"covered":7,"skipped":0,"pct":100},"statements":{"total":39,"covered":38,"skipped":0,"pct":97.44},"branches":{"total":37,"covered":36,"skipped":0,"pct":97.3}}
,"/Users/James.Mckenzie/repos/checkout-prism-merchant-ui/src/utils/ScoringDecisionList/index.ts": {"lines":{"total":0,"covered":0,"skipped":0,"pct":100},"functions":{"total":0,"covered":0,"skipped":0,"pct":100},"statements":{"total":0,"covered":0,"skipped":0,"pct":100},"branches":{"total":0,"covered":0,"skipped":0,"pct":100}}
,"/Users/James.Mckenzie/repos/checkout-prism-merchant-ui/src/utils/dates/dateFormatter.ts": {"lines":{"total":17,"covered":10,"skipped":0,"pct":58.82},"functions":{"total":4,"covered":3,"skipped":0,"pct":75},"statements":{"total":17,"covered":10,"skipped":0,"pct":58.82},"branches":{"total":7,"covered":2,"skipped":0,"pct":28.57}}
,"/Users/James.Mckenzie/repos/checkout-prism-merchant-ui/src/utils/validator/createValidator.ts": {"lines":{"total":19,"covered":19,"skipped":0,"pct":100},"functions":{"total":4,"covered":4,"skipped":0,"pct":100},"statements":{"total":20,"covered":20,"skipped":0,"pct":100},"branches":{"total":4,"covered":4,"skipped":0,"pct":100}}
,"/Users/James.Mckenzie/repos/checkout-prism-merchant-ui/src/utils/validator/index.ts": {"lines":{"total":0,"covered":0,"skipped":0,"pct":100},"functions":{"total":0,"covered":0,"skipped":0,"pct":100},"statements":{"total":0,"covered":0,"skipped":0,"pct":100},"branches":{"total":0,"covered":0,"skipped":0,"pct":100}}
,"/Users/James.Mckenzie/repos/checkout-prism-merchant-ui/src/utils/validator/validationRules.ts": {"lines":{"total":66,"covered":65,"skipped":0,"pct":98.48},"functions":{"total":26,"covered":26,"skipped":0,"pct":100},"statements":{"total":66,"covered":65,"skipped":0,"pct":98.48},"branches":{"total":45,"covered":41,"skipped":0,"pct":91.11}}
,"/Users/James.Mckenzie/repos/checkout-prism-merchant-ui/src/views/Blacklists.tsx": {"lines":{"total":3,"covered":0,"skipped":0,"pct":0},"functions":{"total":1,"covered":0,"skipped":0,"pct":0},"statements":{"total":3,"covered":0,"skipped":0,"pct":0},"branches":{"total":0,"covered":0,"skipped":0,"pct":100}}
,"/Users/James.Mckenzie/repos/checkout-prism-merchant-ui/src/views/Dashboard.tsx": {"lines":{"total":3,"covered":0,"skipped":0,"pct":0},"functions":{"total":1,"covered":0,"skipped":0,"pct":0},"statements":{"total":3,"covered":0,"skipped":0,"pct":0},"branches":{"total":0,"covered":0,"skipped":0,"pct":100}}
,"/Users/James.Mckenzie/repos/checkout-prism-merchant-ui/src/views/Lists.tsx": {"lines":{"total":3,"covered":0,"skipped":0,"pct":0},"functions":{"total":1,"covered":0,"skipped":0,"pct":0},"statements":{"total":3,"covered":0,"skipped":0,"pct":0},"branches":{"total":0,"covered":0,"skipped":0,"pct":100}}
,"/Users/James.Mckenzie/repos/checkout-prism-merchant-ui/src/views/RiskProfiles.tsx": {"lines":{"total":3,"covered":0,"skipped":0,"pct":0},"functions":{"total":1,"covered":0,"skipped":0,"pct":0},"statements":{"total":3,"covered":0,"skipped":0,"pct":0},"branches":{"total":0,"covered":0,"skipped":0,"pct":100}}
,"/Users/James.Mckenzie/repos/checkout-prism-merchant-ui/src/views/Routing.tsx": {"lines":{"total":3,"covered":0,"skipped":0,"pct":0},"functions":{"total":1,"covered":0,"skipped":0,"pct":0},"statements":{"total":3,"covered":0,"skipped":0,"pct":0},"branches":{"total":4,"covered":0,"skipped":0,"pct":0}}
,"/Users/James.Mckenzie/repos/checkout-prism-merchant-ui/src/views/Rules.tsx": {"lines":{"total":3,"covered":0,"skipped":0,"pct":0},"functions":{"total":1,"covered":0,"skipped":0,"pct":0},"statements":{"total":3,"covered":0,"skipped":0,"pct":0},"branches":{"total":0,"covered":0,"skipped":0,"pct":100}}
}
